TN:stest
SF:/home/shinda/projects/CPP2_s21_containers-3/src/s21_containersplus/array/s21_array.tpp
FN:3,_ZN3s215arrayIiEC2Ev
FNDA:13,_ZN3s215arrayIiEC2Ev
FN:3,_ZN3s215arrayIdEC2Ev
FNDA:6,_ZN3s215arrayIdEC2Ev
FN:3,_ZN3s215arrayINSt7__cxx1112basic_stringIcSt11char_traitsIcESaIcEEEEC2Ev
FNDA:6,_ZN3s215arrayINSt7__cxx1112basic_stringIcSt11char_traitsIcESaIcEEEEC2Ev
FN:5,_ZN3s215arrayIiEC2ERKSt16initializer_listIiE
FNDA:24,_ZN3s215arrayIiEC2ERKSt16initializer_listIiE
FN:5,_ZN3s215arrayINSt7__cxx1112basic_stringIcSt11char_traitsIcESaIcEEEEC2ERKSt16initializer_listIS6_E
FNDA:13,_ZN3s215arrayINSt7__cxx1112basic_stringIcSt11char_traitsIcESaIcEEEEC2ERKSt16initializer_listIS6_E
FN:5,_ZN3s215arrayIdEC2ERKSt16initializer_listIdE
FNDA:13,_ZN3s215arrayIdEC2ERKSt16initializer_listIdE
FN:24,_ZN3s215arrayINSt7__cxx1112basic_stringIcSt11char_traitsIcESaIcEEEED2Ev
FNDA:19,_ZN3s215arrayINSt7__cxx1112basic_stringIcSt11char_traitsIcESaIcEEEED2Ev
FN:24,_ZN3s215arrayIdED2Ev
FNDA:19,_ZN3s215arrayIdED2Ev
FN:24,_ZN3s215arrayIiED2Ev
FNDA:37,_ZN3s215arrayIiED2Ev
FN:29,_ZN3s215arrayIiEaSERKS1_
FNDA:1,_ZN3s215arrayIiEaSERKS1_
FN:29,_ZN3s215arrayINSt7__cxx1112basic_stringIcSt11char_traitsIcESaIcEEEEaSERKS7_
FNDA:1,_ZN3s215arrayINSt7__cxx1112basic_stringIcSt11char_traitsIcESaIcEEEEaSERKS7_
FN:29,_ZN3s215arrayIdEaSERKS1_
FNDA:1,_ZN3s215arrayIdEaSERKS1_
FN:40,_ZN3s215arrayINSt7__cxx1112basic_stringIcSt11char_traitsIcESaIcEEEEaSEOS7_
FNDA:1,_ZN3s215arrayINSt7__cxx1112basic_stringIcSt11char_traitsIcESaIcEEEEaSEOS7_
FN:40,_ZN3s215arrayIdEaSEOS1_
FNDA:1,_ZN3s215arrayIdEaSEOS1_
FN:40,_ZN3s215arrayIiEaSEOS1_
FNDA:1,_ZN3s215arrayIiEaSEOS1_
FN:51,_ZN3s215arrayIiE2atEm
FNDA:4,_ZN3s215arrayIiE2atEm
FN:51,_ZN3s215arrayINSt7__cxx1112basic_stringIcSt11char_traitsIcESaIcEEEE2atEm
FNDA:2,_ZN3s215arrayINSt7__cxx1112basic_stringIcSt11char_traitsIcESaIcEEEE2atEm
FN:51,_ZN3s215arrayIdE2atEm
FNDA:2,_ZN3s215arrayIdE2atEm
FN:56,_ZNK3s215arrayINSt7__cxx1112basic_stringIcSt11char_traitsIcESaIcEEEEixEm
FNDA:6,_ZNK3s215arrayINSt7__cxx1112basic_stringIcSt11char_traitsIcESaIcEEEEixEm
FN:56,_ZNK3s215arrayIdEixEm
FNDA:6,_ZNK3s215arrayIdEixEm
FN:56,_ZNK3s215arrayIiEixEm
FNDA:12,_ZNK3s215arrayIiEixEm
FN:61,_ZNK3s215arrayIiE5frontEv
FNDA:5,_ZNK3s215arrayIiE5frontEv
FN:61,_ZNK3s215arrayIdE5frontEv
FNDA:4,_ZNK3s215arrayIdE5frontEv
FN:61,_ZNK3s215arrayINSt7__cxx1112basic_stringIcSt11char_traitsIcESaIcEEEE5frontEv
FNDA:4,_ZNK3s215arrayINSt7__cxx1112basic_stringIcSt11char_traitsIcESaIcEEEE5frontEv
FN:66,_ZNK3s215arrayIiE4backEv
FNDA:5,_ZNK3s215arrayIiE4backEv
FN:66,_ZNK3s215arrayIdE4backEv
FNDA:4,_ZNK3s215arrayIdE4backEv
FN:66,_ZNK3s215arrayINSt7__cxx1112basic_stringIcSt11char_traitsIcESaIcEEEE4backEv
FNDA:4,_ZNK3s215arrayINSt7__cxx1112basic_stringIcSt11char_traitsIcESaIcEEEE4backEv
FN:71,_ZN3s215arrayIiE4dataEv
FNDA:2,_ZN3s215arrayIiE4dataEv
FN:75,_ZNK3s215arrayINSt7__cxx1112basic_stringIcSt11char_traitsIcESaIcEEEE5beginEv
FNDA:3,_ZNK3s215arrayINSt7__cxx1112basic_stringIcSt11char_traitsIcESaIcEEEE5beginEv
FN:75,_ZNK3s215arrayIdE5beginEv
FNDA:3,_ZNK3s215arrayIdE5beginEv
FN:75,_ZNK3s215arrayIiE5beginEv
FNDA:8,_ZNK3s215arrayIiE5beginEv
FN:79,_ZNK3s215arrayIiE3endEv
FNDA:3,_ZNK3s215arrayIiE3endEv
FN:79,_ZNK3s215arrayIdE3endEv
FNDA:3,_ZNK3s215arrayIdE3endEv
FN:79,_ZNK3s215arrayINSt7__cxx1112basic_stringIcSt11char_traitsIcESaIcEEEE3endEv
FNDA:3,_ZNK3s215arrayINSt7__cxx1112basic_stringIcSt11char_traitsIcESaIcEEEE3endEv
FN:91,_ZN3s215arrayIdE5emptyEv
FNDA:2,_ZN3s215arrayIdE5emptyEv
FN:91,_ZN3s215arrayINSt7__cxx1112basic_stringIcSt11char_traitsIcESaIcEEEE5emptyEv
FNDA:2,_ZN3s215arrayINSt7__cxx1112basic_stringIcSt11char_traitsIcESaIcEEEE5emptyEv
FN:91,_ZN3s215arrayIiE5emptyEv
FNDA:6,_ZN3s215arrayIiE5emptyEv
FN:95,_ZNK3s215arrayIiE4sizeEv
FNDA:11,_ZNK3s215arrayIiE4sizeEv
FN:95,_ZNK3s215arrayIdE4sizeEv
FNDA:9,_ZNK3s215arrayIdE4sizeEv
FN:95,_ZNK3s215arrayINSt7__cxx1112basic_stringIcSt11char_traitsIcESaIcEEEE4sizeEv
FNDA:9,_ZNK3s215arrayINSt7__cxx1112basic_stringIcSt11char_traitsIcESaIcEEEE4sizeEv
FN:99,_ZNK3s215arrayIiE8max_sizeEv
FNDA:2,_ZNK3s215arrayIiE8max_sizeEv
FN:103,_ZN3s215arrayIdE4swapERS1_
FNDA:1,_ZN3s215arrayIdE4swapERS1_
FN:103,_ZN3s215arrayIiE4swapERS1_
FNDA:4,_ZN3s215arrayIiE4swapERS1_
FN:103,_ZN3s215arrayINSt7__cxx1112basic_stringIcSt11char_traitsIcESaIcEEEE4swapERS7_
FNDA:1,_ZN3s215arrayINSt7__cxx1112basic_stringIcSt11char_traitsIcESaIcEEEE4swapERS7_
FN:108,_ZN3s215arrayIiE4fillERKi
FNDA:3,_ZN3s215arrayIiE4fillERKi
FN:108,_ZN3s215arrayIdE4fillERKd
FNDA:2,_ZN3s215arrayIdE4fillERKd
FN:108,_ZN3s215arrayINSt7__cxx1112basic_stringIcSt11char_traitsIcESaIcEEEE4fillERKS6_
FNDA:2,_ZN3s215arrayINSt7__cxx1112basic_stringIcSt11char_traitsIcESaIcEEEE4fillERKS6_
DA:3,6
DA:3,6
DA:3,13
DA:5,13
DA:6,77
DA:7,13
DA:8,13
DA:9,13
DA:5,13
DA:6,13
DA:7,13
DA:8,13
DA:9,13
DA:5,24
DA:6,24
DA:7,24
DA:8,24
DA:9,24
DA:24,19
DA:25,88
DA:26,19
DA:27,19
DA:24,19
DA:25,19
DA:26,19
DA:27,19
DA:24,37
DA:25,37
DA:26,37
DA:27,37
DA:29,1
DA:30,1
DA:31,1
DA:32,6
DA:33,1
DA:34,1
DA:36,1
DA:29,1
DA:30,1
DA:31,1
DA:32,1
DA:33,1
DA:34,1
DA:36,1
DA:29,1
DA:30,1
DA:31,1
DA:32,1
DA:33,1
DA:34,1
DA:36,1
DA:40,1
DA:41,1
DA:42,1
DA:43,1
DA:44,1
DA:45,1
DA:46,1
DA:48,1
DA:40,1
DA:41,1
DA:42,1
DA:43,1
DA:44,1
DA:45,1
DA:46,1
DA:48,1
DA:40,1
DA:41,1
DA:42,1
DA:43,1
DA:44,1
DA:45,1
DA:46,1
DA:48,1
DA:51,2
DA:52,2
DA:53,1
DA:51,2
DA:52,2
DA:53,1
DA:51,4
DA:52,4
DA:53,1
DA:56,6
DA:57,6
DA:58,5
DA:56,6
DA:57,6
DA:58,5
DA:56,12
DA:57,12
DA:58,9
DA:61,4
DA:62,4
DA:63,4
DA:61,4
DA:62,4
DA:63,4
DA:61,5
DA:62,5
DA:63,4
DA:66,4
DA:67,4
DA:68,4
DA:66,4
DA:67,4
DA:68,4
DA:66,5
DA:67,5
DA:68,4
DA:71,2
DA:72,2
DA:75,3
DA:76,3
DA:75,3
DA:76,3
DA:75,8
DA:76,8
DA:79,3
DA:80,3
DA:79,3
DA:80,3
DA:79,3
DA:80,3
DA:91,2
DA:92,2
DA:91,2
DA:92,2
DA:91,6
DA:92,6
DA:95,9
DA:96,9
DA:95,9
DA:96,9
DA:95,11
DA:96,11
DA:99,2
DA:100,2
DA:103,1
DA:104,1
DA:105,1
DA:106,1
DA:103,1
DA:104,1
DA:105,1
DA:106,1
DA:103,4
DA:104,4
DA:105,4
DA:106,4
DA:108,2
DA:109,7
DA:110,5
DA:112,2
DA:108,2
DA:109,7
DA:110,5
DA:112,2
DA:108,3
DA:109,8
DA:110,5
DA:112,3
end_of_record
SF:/home/shinda/projects/CPP2_s21_containers-3/src/s21_containersplus/array/s21_array.h
FN:10,_ZN3s215arrayINSt7__cxx1112basic_stringIcSt11char_traitsIcESaIcEEEE11ArrIteratorC2EPS6_
FNDA:6,_ZN3s215arrayINSt7__cxx1112basic_stringIcSt11char_traitsIcESaIcEEEE11ArrIteratorC2EPS6_
FN:10,_ZN3s215arrayIdE11ArrIteratorC2EPd
FNDA:6,_ZN3s215arrayIdE11ArrIteratorC2EPd
FN:10,_ZN3s215arrayIiE11ArrIteratorC2EPi
FNDA:15,_ZN3s215arrayIiE11ArrIteratorC2EPi
FN:11,_ZN3s215arrayINSt7__cxx1112basic_stringIcSt11char_traitsIcESaIcEEEE11ArrIteratorC2ERKS8_
FNDA:2,_ZN3s215arrayINSt7__cxx1112basic_stringIcSt11char_traitsIcESaIcEEEE11ArrIteratorC2ERKS8_
FN:11,_ZN3s215arrayIdE11ArrIteratorC2ERKS2_
FNDA:2,_ZN3s215arrayIdE11ArrIteratorC2ERKS2_
FN:11,_ZN3s215arrayIiE11ArrIteratorC2ERKS2_
FNDA:14,_ZN3s215arrayIiE11ArrIteratorC2ERKS2_
FN:21,_ZN3s215arrayIiE11ArrIteratoraSEOS2_
FNDA:1,_ZN3s215arrayIiE11ArrIteratoraSEOS2_
FN:28,_ZN3s215arrayIiE11ArrIteratorD2Ev
FNDA:29,_ZN3s215arrayIiE11ArrIteratorD2Ev
FN:28,_ZN3s215arrayIdE11ArrIteratorD2Ev
FNDA:8,_ZN3s215arrayIdE11ArrIteratorD2Ev
FN:28,_ZN3s215arrayINSt7__cxx1112basic_stringIcSt11char_traitsIcESaIcEEEE11ArrIteratorD2Ev
FNDA:8,_ZN3s215arrayINSt7__cxx1112basic_stringIcSt11char_traitsIcESaIcEEEE11ArrIteratorD2Ev
FN:30,_ZN3s215arrayIiE11ArrIteratormiEm
FNDA:2,_ZN3s215arrayIiE11ArrIteratormiEm
FN:30,_ZN3s215arrayIdE11ArrIteratormiEm
FNDA:1,_ZN3s215arrayIdE11ArrIteratormiEm
FN:30,_ZN3s215arrayINSt7__cxx1112basic_stringIcSt11char_traitsIcESaIcEEEE11ArrIteratormiEm
FNDA:1,_ZN3s215arrayINSt7__cxx1112basic_stringIcSt11char_traitsIcESaIcEEEE11ArrIteratormiEm
FN:40,_ZN3s215arrayIiE11ArrIteratorplEm
FNDA:1,_ZN3s215arrayIiE11ArrIteratorplEm
FN:47,_ZN3s215arrayIiE11ArrIteratormIEm
FNDA:1,_ZN3s215arrayIiE11ArrIteratormIEm
FN:51,_ZN3s215arrayIiE11ArrIteratorpLEm
FNDA:1,_ZN3s215arrayIiE11ArrIteratorpLEm
FN:55,_ZN3s215arrayIiE11ArrIteratormmEi
FNDA:5,_ZN3s215arrayIiE11ArrIteratormmEi
FN:55,_ZN3s215arrayIdE11ArrIteratormmEi
FNDA:1,_ZN3s215arrayIdE11ArrIteratormmEi
FN:55,_ZN3s215arrayINSt7__cxx1112basic_stringIcSt11char_traitsIcESaIcEEEE11ArrIteratormmEi
FNDA:1,_ZN3s215arrayINSt7__cxx1112basic_stringIcSt11char_traitsIcESaIcEEEE11ArrIteratormmEi
FN:66,_ZN3s215arrayIiE11ArrIteratorppEi
FNDA:6,_ZN3s215arrayIiE11ArrIteratorppEi
FN:77,_ZN3s215arrayINSt7__cxx1112basic_stringIcSt11char_traitsIcESaIcEEEE11ArrIteratordeEv
FNDA:2,_ZN3s215arrayINSt7__cxx1112basic_stringIcSt11char_traitsIcESaIcEEEE11ArrIteratordeEv
FN:77,_ZN3s215arrayIdE11ArrIteratordeEv
FNDA:2,_ZN3s215arrayIdE11ArrIteratordeEv
FN:77,_ZN3s215arrayIiE11ArrIteratordeEv
FNDA:13,_ZN3s215arrayIiE11ArrIteratordeEv
FN:78,_ZNK3s215arrayIiE11ArrIteratoreqERKS2_
FNDA:6,_ZNK3s215arrayIiE11ArrIteratoreqERKS2_
FN:78,_ZNK3s215arrayIdE11ArrIteratoreqERKS2_
FNDA:2,_ZNK3s215arrayIdE11ArrIteratoreqERKS2_
FN:78,_ZNK3s215arrayINSt7__cxx1112basic_stringIcSt11char_traitsIcESaIcEEEE11ArrIteratoreqERKS8_
FNDA:2,_ZNK3s215arrayINSt7__cxx1112basic_stringIcSt11char_traitsIcESaIcEEEE11ArrIteratoreqERKS8_
FN:81,_ZNK3s215arrayIdE11ArrIteratorneERKS2_
FNDA:1,_ZNK3s215arrayIdE11ArrIteratorneERKS2_
FN:81,_ZNK3s215arrayINSt7__cxx1112basic_stringIcSt11char_traitsIcESaIcEEEE11ArrIteratorneERKS8_
FNDA:1,_ZNK3s215arrayINSt7__cxx1112basic_stringIcSt11char_traitsIcESaIcEEEE11ArrIteratorneERKS8_
FN:81,_ZNK3s215arrayIiE11ArrIteratorneERKS2_
FNDA:3,_ZNK3s215arrayIiE11ArrIteratorneERKS2_
FN:99,_ZN3s215arrayINSt7__cxx1112basic_stringIcSt11char_traitsIcESaIcEEEE11ArrIterator10ErrorCheckEPS6_
FNDA:1,_ZN3s215arrayINSt7__cxx1112basic_stringIcSt11char_traitsIcESaIcEEEE11ArrIterator10ErrorCheckEPS6_
FN:99,_ZN3s215arrayIiE11ArrIterator10ErrorCheckEPi
FNDA:11,_ZN3s215arrayIiE11ArrIterator10ErrorCheckEPi
FN:99,_ZN3s215arrayIdE11ArrIterator10ErrorCheckEPd
FNDA:1,_ZN3s215arrayIdE11ArrIterator10ErrorCheckEPd
DA:10,6
DA:10,6
DA:10,15
DA:11,2
DA:11,2
DA:11,14
DA:21,1
DA:22,1
DA:23,1
DA:24,1
DA:26,1
DA:28,8
DA:28,8
DA:28,29
DA:30,1
DA:31,1
DA:32,2
DA:33,1
DA:35,1
DA:36,0
DA:30,1
DA:31,1
DA:32,2
DA:33,1
DA:35,1
DA:36,0
DA:30,2
DA:31,2
DA:32,5
DA:33,3
DA:35,2
DA:36,0
DA:40,1
DA:41,1
DA:42,4
DA:43,3
DA:45,1
DA:46,0
DA:47,1
DA:48,1
DA:49,1
DA:51,1
DA:52,1
DA:53,1
DA:55,1
DA:56,1
DA:57,1
DA:58,1
DA:59,1
DA:55,1
DA:56,1
DA:57,1
DA:58,1
DA:59,1
DA:55,5
DA:56,5
DA:57,5
DA:58,5
DA:59,5
DA:66,6
DA:67,6
DA:68,6
DA:69,6
DA:70,6
DA:77,2
DA:77,2
DA:77,13
DA:78,2
DA:79,2
DA:78,2
DA:79,2
DA:78,6
DA:79,6
DA:81,1
DA:82,1
DA:81,1
DA:82,1
DA:81,3
DA:82,3
DA:99,1
DA:100,1
DA:101,1
DA:99,1
DA:100,1
DA:101,1
DA:99,11
DA:100,11
DA:101,11
end_of_record
SF:/home/shinda/projects/CPP2_s21_containers-3/src/s21_containersplus/s21_multiset.h
FN:19,_ZN3s218MultisetIdEC2Ev
FNDA:1,_ZN3s218MultisetIdEC2Ev
FN:19,_ZN3s218MultisetIiEC2Ev
FNDA:8,_ZN3s218MultisetIiEC2Ev
FN:22,_ZN3s218MultisetIiEaSERKS1_
FNDA:3,_ZN3s218MultisetIiEaSERKS1_
FN:30,_ZN3s218MultisetIiEC2EOS1_
FNDA:1,_ZN3s218MultisetIiEC2EOS1_
FN:37,_ZN3s218MultisetIiEaSEOS1_
FNDA:6,_ZN3s218MultisetIiEaSEOS1_
FN:45,_ZN3s218MultisetIcEC2ERKSt16initializer_listIcE
FNDA:1,_ZN3s218MultisetIcEC2ERKSt16initializer_listIcE
FN:45,_ZN3s218MultisetIiEC2ERKSt16initializer_listIiE
FNDA:15,_ZN3s218MultisetIiEC2ERKSt16initializer_listIiE
FN:45,_ZN3s218MultisetIdEC2ERKSt16initializer_listIdE
FNDA:9,_ZN3s218MultisetIdEC2ERKSt16initializer_listIdE
FN:52,_ZN3s218MultisetIdE6insertERKd
FNDA:99,_ZN3s218MultisetIdE6insertERKd
FN:52,_ZN3s218MultisetIiE6insertERKi
FNDA:71,_ZN3s218MultisetIiE6insertERKi
FN:52,_ZN3s218MultisetIcE6insertERKc
FNDA:7,_ZN3s218MultisetIcE6insertERKc
FN:62,_ZN3s218MultisetIiE5countERKi
FNDA:3,_ZN3s218MultisetIiE5countERKi
FN:62,_ZN3s218MultisetIdE5countERKd
FNDA:19,_ZN3s218MultisetIdE5countERKd
FN:72,_ZN3s218MultisetIdE11lower_boundERKd
FNDA:3,_ZN3s218MultisetIdE11lower_boundERKd
FN:82,_ZN3s218MultisetIdE11upper_boundERKd
FNDA:3,_ZN3s218MultisetIdE11upper_boundERKd
FN:92,_ZN3s218MultisetIdE11equal_rangeERKd
FNDA:1,_ZN3s218MultisetIdE11equal_rangeERKd
FN:98,_ZN3s218MultisetIcE7GetRootEv
FNDA:1,_ZN3s218MultisetIcE7GetRootEv
FN:101,_ZN3s218MultisetIdE11insert_manyIJiiiEEESt6vectorISt4pairINS_8IteratorIddEEbESaIS7_EEDpOT_
FNDA:1,_ZN3s218MultisetIdE11insert_manyIJiiiEEESt6vectorISt4pairINS_8IteratorIddEEbESaIS7_EEDpOT_
FN:101,_ZN3s218MultisetIdE11insert_manyIJiiiiEEESt6vectorISt4pairINS_8IteratorIddEEbESaIS7_EEDpOT_
FNDA:1,_ZN3s218MultisetIdE11insert_manyIJiiiiEEESt6vectorISt4pairINS_8IteratorIddEEbESaIS7_EEDpOT_
FN:101,_ZN3s218MultisetIdE11insert_manyIJiiiiiiiEEESt6vectorISt4pairINS_8IteratorIddEEbESaIS7_EEDpOT_
FNDA:1,_ZN3s218MultisetIdE11insert_manyIJiiiiiiiEEESt6vectorISt4pairINS_8IteratorIddEEbESaIS7_EEDpOT_
DA:19,1
DA:19,8
DA:22,3
DA:23,3
DA:24,3
DA:25,3
DA:27,3
DA:30,1
DA:31,1
DA:32,1
DA:34,1
DA:35,1
DA:37,6
DA:38,6
DA:39,6
DA:40,6
DA:41,6
DA:42,6
DA:45,9
DA:46,9
DA:47,93
DA:48,84
DA:50,9
DA:45,15
DA:46,15
DA:47,86
DA:48,71
DA:50,15
DA:45,1
DA:46,1
DA:47,8
DA:48,7
DA:50,1
DA:52,71
DA:53,71
DA:54,71
DA:58,71
DA:59,142
DA:52,7
DA:53,7
DA:54,7
DA:58,7
DA:59,14
DA:52,99
DA:53,99
DA:54,99
DA:58,99
DA:59,198
DA:62,19
DA:63,19
DA:64,170
DA:65,151
DA:66,24
DA:69,19
DA:62,3
DA:63,3
DA:64,39
DA:65,36
DA:66,5
DA:69,3
DA:72,3
DA:73,3
DA:74,33
DA:75,32
DA:76,2
DA:79,1
DA:82,3
DA:83,3
DA:84,34
DA:85,33
DA:86,2
DA:89,1
DA:92,1
DA:93,1
DA:94,1
DA:95,2
DA:98,1
DA:101,1
DA:103,1
DA:106,1
DA:109,1
DA:110,0
DA:101,1
DA:103,1
DA:106,1
DA:109,1
DA:110,0
DA:101,1
DA:103,1
DA:106,1
DA:109,1
DA:110,0
end_of_record
SF:/home/shinda/projects/CPP2_s21_containers-3/src/tests/testplus.cc
FN:3,_ZN34MultisetTest_copy_operator_01_TestC2Ev
FNDA:1,_ZN34MultisetTest_copy_operator_01_TestC2Ev
FN:3,_ZN34MultisetTest_copy_operator_01_Test8TestBodyEv
FNDA:1,_ZN34MultisetTest_copy_operator_01_Test8TestBodyEv
FN:3,_ZN34MultisetTest_copy_operator_01_TestD2Ev
FNDA:1,_ZN34MultisetTest_copy_operator_01_TestD2Ev
FN:3,_ZN34MultisetTest_copy_operator_01_TestD0Ev
FNDA:1,_ZN34MultisetTest_copy_operator_01_TestD0Ev
FN:8,_ZN34MultisetTest_copy_operator_02_TestC2Ev
FNDA:1,_ZN34MultisetTest_copy_operator_02_TestC2Ev
FN:8,_ZN34MultisetTest_copy_operator_02_Test8TestBodyEv
FNDA:1,_ZN34MultisetTest_copy_operator_02_Test8TestBodyEv
FN:8,_ZN34MultisetTest_copy_operator_02_TestD2Ev
FNDA:1,_ZN34MultisetTest_copy_operator_02_TestD2Ev
FN:8,_ZN34MultisetTest_copy_operator_02_TestD0Ev
FNDA:1,_ZN34MultisetTest_copy_operator_02_TestD0Ev
FN:24,_ZN34MultisetTest_copy_operator_05_TestC2Ev
FNDA:1,_ZN34MultisetTest_copy_operator_05_TestC2Ev
FN:24,_ZN34MultisetTest_copy_operator_05_Test8TestBodyEv
FNDA:1,_ZN34MultisetTest_copy_operator_05_Test8TestBodyEv
FN:24,_ZN34MultisetTest_copy_operator_05_TestD0Ev
FNDA:1,_ZN34MultisetTest_copy_operator_05_TestD0Ev
FN:24,_ZN34MultisetTest_copy_operator_05_TestD2Ev
FNDA:1,_ZN34MultisetTest_copy_operator_05_TestD2Ev
FN:35,_ZN34MultisetTest_copy_operator_03_TestC2Ev
FNDA:1,_ZN34MultisetTest_copy_operator_03_TestC2Ev
FN:35,_ZN34MultisetTest_copy_operator_03_Test8TestBodyEv
FNDA:1,_ZN34MultisetTest_copy_operator_03_Test8TestBodyEv
FN:35,_ZN34MultisetTest_copy_operator_03_TestD2Ev
FNDA:1,_ZN34MultisetTest_copy_operator_03_TestD2Ev
FN:35,_ZN34MultisetTest_copy_operator_03_TestD0Ev
FNDA:1,_ZN34MultisetTest_copy_operator_03_TestD0Ev
FN:62,_ZN28MultisetTest_test_count_Test8TestBodyEv
FNDA:1,_ZN28MultisetTest_test_count_Test8TestBodyEv
FN:62,_ZN28MultisetTest_test_count_TestD2Ev
FNDA:1,_ZN28MultisetTest_test_count_TestD2Ev
FN:62,_ZN28MultisetTest_test_count_TestD0Ev
FNDA:1,_ZN28MultisetTest_test_count_TestD0Ev
FN:62,_ZN28MultisetTest_test_count_TestC2Ev
FNDA:1,_ZN28MultisetTest_test_count_TestC2Ev
FN:84,_ZN29MultisetTest_move_constr_TestD0Ev
FNDA:1,_ZN29MultisetTest_move_constr_TestD0Ev
FN:84,_ZN29MultisetTest_move_constr_TestD2Ev
FNDA:1,_ZN29MultisetTest_move_constr_TestD2Ev
FN:84,_ZN29MultisetTest_move_constr_TestC2Ev
FNDA:1,_ZN29MultisetTest_move_constr_TestC2Ev
FN:84,_ZN29MultisetTest_move_constr_Test8TestBodyEv
FNDA:1,_ZN29MultisetTest_move_constr_Test8TestBodyEv
FN:113,_ZN31MultisetTest_move_operator_TestC2Ev
FNDA:1,_ZN31MultisetTest_move_operator_TestC2Ev
FN:113,_ZN31MultisetTest_move_operator_Test8TestBodyEv
FNDA:1,_ZN31MultisetTest_move_operator_Test8TestBodyEv
FN:113,_ZN31MultisetTest_move_operator_TestD2Ev
FNDA:1,_ZN31MultisetTest_move_operator_TestD2Ev
FN:113,_ZN31MultisetTest_move_operator_TestD0Ev
FNDA:1,_ZN31MultisetTest_move_operator_TestD0Ev
FN:134,_ZN34MultisetTest_move_operator_05_TestC2Ev
FNDA:1,_ZN34MultisetTest_move_operator_05_TestC2Ev
FN:134,_ZN34MultisetTest_move_operator_05_TestD2Ev
FNDA:1,_ZN34MultisetTest_move_operator_05_TestD2Ev
FN:134,_ZN34MultisetTest_move_operator_05_TestD0Ev
FNDA:1,_ZN34MultisetTest_move_operator_05_TestD0Ev
FN:134,_ZN34MultisetTest_move_operator_05_Test8TestBodyEv
FNDA:1,_ZN34MultisetTest_move_operator_05_Test8TestBodyEv
FN:161,_ZN34MultisetTest_move_operator_02_TestD0Ev
FNDA:1,_ZN34MultisetTest_move_operator_02_TestD0Ev
FN:161,_ZN34MultisetTest_move_operator_02_TestD2Ev
FNDA:1,_ZN34MultisetTest_move_operator_02_TestD2Ev
FN:161,_ZN34MultisetTest_move_operator_02_Test8TestBodyEv
FNDA:1,_ZN34MultisetTest_move_operator_02_Test8TestBodyEv
FN:161,_ZN34MultisetTest_move_operator_02_TestC2Ev
FNDA:1,_ZN34MultisetTest_move_operator_02_TestC2Ev
FN:173,_ZN34MultisetTest_move_operator_03_TestC2Ev
FNDA:1,_ZN34MultisetTest_move_operator_03_TestC2Ev
FN:173,_ZN34MultisetTest_move_operator_03_TestD0Ev
FNDA:1,_ZN34MultisetTest_move_operator_03_TestD0Ev
FN:173,_ZN34MultisetTest_move_operator_03_TestD2Ev
FNDA:1,_ZN34MultisetTest_move_operator_03_TestD2Ev
FN:173,_ZN34MultisetTest_move_operator_03_Test8TestBodyEv
FNDA:1,_ZN34MultisetTest_move_operator_03_Test8TestBodyEv
FN:183,_ZN34MultisetTest_move_operator_04_TestC2Ev
FNDA:1,_ZN34MultisetTest_move_operator_04_TestC2Ev
FN:183,_ZN34MultisetTest_move_operator_04_TestD0Ev
FNDA:1,_ZN34MultisetTest_move_operator_04_TestD0Ev
FN:183,_ZN34MultisetTest_move_operator_04_TestD2Ev
FNDA:1,_ZN34MultisetTest_move_operator_04_TestD2Ev
FN:183,_ZN34MultisetTest_move_operator_04_Test8TestBodyEv
FNDA:1,_ZN34MultisetTest_move_operator_04_Test8TestBodyEv
FN:193,_ZN28MultisetTest_test_empty_Test8TestBodyEv
FNDA:1,_ZN28MultisetTest_test_empty_Test8TestBodyEv
FN:193,_ZN28MultisetTest_test_empty_TestD2Ev
FNDA:1,_ZN28MultisetTest_test_empty_TestD2Ev
FN:193,_ZN28MultisetTest_test_empty_TestD0Ev
FNDA:1,_ZN28MultisetTest_test_empty_TestD0Ev
FN:193,_ZN28MultisetTest_test_empty_TestC2Ev
FNDA:1,_ZN28MultisetTest_test_empty_TestC2Ev
FN:200,_ZN27MultisetTest_test_size_TestD2Ev
FNDA:1,_ZN27MultisetTest_test_size_TestD2Ev
FN:200,_ZN27MultisetTest_test_size_TestD0Ev
FNDA:1,_ZN27MultisetTest_test_size_TestD0Ev
FN:200,_ZN27MultisetTest_test_size_TestC2Ev
FNDA:1,_ZN27MultisetTest_test_size_TestC2Ev
FN:200,_ZN27MultisetTest_test_size_Test8TestBodyEv
FNDA:1,_ZN27MultisetTest_test_size_Test8TestBodyEv
FN:207,_ZN28MultisetTest_test_clear_TestC2Ev
FNDA:1,_ZN28MultisetTest_test_clear_TestC2Ev
FN:207,_ZN28MultisetTest_test_clear_TestD2Ev
FNDA:1,_ZN28MultisetTest_test_clear_TestD2Ev
FN:207,_ZN28MultisetTest_test_clear_TestD0Ev
FNDA:1,_ZN28MultisetTest_test_clear_TestD0Ev
FN:207,_ZN28MultisetTest_test_clear_Test8TestBodyEv
FNDA:1,_ZN28MultisetTest_test_clear_Test8TestBodyEv
FN:222,_ZN29MultisetTest_test_insert_TestD2Ev
FNDA:1,_ZN29MultisetTest_test_insert_TestD2Ev
FN:222,_ZN29MultisetTest_test_insert_TestD0Ev
FNDA:1,_ZN29MultisetTest_test_insert_TestD0Ev
FN:222,_ZN29MultisetTest_test_insert_Test8TestBodyEv
FNDA:1,_ZN29MultisetTest_test_insert_Test8TestBodyEv
FN:222,_ZN29MultisetTest_test_insert_TestC2Ev
FNDA:1,_ZN29MultisetTest_test_insert_TestC2Ev
FN:229,_ZN46MultisetTest_lower_bound_test_test_insert_Test8TestBodyEv
FNDA:1,_ZN46MultisetTest_lower_bound_test_test_insert_Test8TestBodyEv
FN:229,_ZN46MultisetTest_lower_bound_test_test_insert_TestD2Ev
FNDA:1,_ZN46MultisetTest_lower_bound_test_test_insert_TestD2Ev
FN:229,_ZN46MultisetTest_lower_bound_test_test_insert_TestD0Ev
FNDA:1,_ZN46MultisetTest_lower_bound_test_test_insert_TestD0Ev
FN:229,_ZN46MultisetTest_lower_bound_test_test_insert_TestC2Ev
FNDA:1,_ZN46MultisetTest_lower_bound_test_test_insert_TestC2Ev
FN:238,_ZN57MultisetTest_lower_bound_test_notelement_test_insert_TestD0Ev
FNDA:1,_ZN57MultisetTest_lower_bound_test_notelement_test_insert_TestD0Ev
FN:238,_ZN57MultisetTest_lower_bound_test_notelement_test_insert_Test8TestBodyEv
FNDA:1,_ZN57MultisetTest_lower_bound_test_notelement_test_insert_Test8TestBodyEv
FN:238,_ZN57MultisetTest_lower_bound_test_notelement_test_insert_TestC2Ev
FNDA:1,_ZN57MultisetTest_lower_bound_test_notelement_test_insert_TestC2Ev
FN:238,_ZN57MultisetTest_lower_bound_test_notelement_test_insert_TestD2Ev
FNDA:1,_ZN57MultisetTest_lower_bound_test_notelement_test_insert_TestD2Ev
FN:246,_ZN46MultisetTest_upper_bound_test_test_insert_TestD0Ev
FNDA:1,_ZN46MultisetTest_upper_bound_test_test_insert_TestD0Ev
FN:246,_ZN46MultisetTest_upper_bound_test_test_insert_TestD2Ev
FNDA:1,_ZN46MultisetTest_upper_bound_test_test_insert_TestD2Ev
FN:246,_ZN46MultisetTest_upper_bound_test_test_insert_Test8TestBodyEv
FNDA:1,_ZN46MultisetTest_upper_bound_test_test_insert_Test8TestBodyEv
FN:246,_ZN46MultisetTest_upper_bound_test_test_insert_TestC2Ev
FNDA:1,_ZN46MultisetTest_upper_bound_test_test_insert_TestC2Ev
FN:256,_ZN58MultisetTest_upper_bound_test_not_element_test_insert_Test8TestBodyEv
FNDA:1,_ZN58MultisetTest_upper_bound_test_not_element_test_insert_Test8TestBodyEv
FN:256,_ZN58MultisetTest_upper_bound_test_not_element_test_insert_TestC2Ev
FNDA:1,_ZN58MultisetTest_upper_bound_test_not_element_test_insert_TestC2Ev
FN:256,_ZN58MultisetTest_upper_bound_test_not_element_test_insert_TestD0Ev
FNDA:1,_ZN58MultisetTest_upper_bound_test_not_element_test_insert_TestD0Ev
FN:256,_ZN58MultisetTest_upper_bound_test_not_element_test_insert_TestD2Ev
FNDA:1,_ZN58MultisetTest_upper_bound_test_not_element_test_insert_TestD2Ev
FN:264,_ZN41MultisetTest_equal_range_test_insert_Test8TestBodyEv
FNDA:1,_ZN41MultisetTest_equal_range_test_insert_Test8TestBodyEv
FN:264,_ZN41MultisetTest_equal_range_test_insert_TestC2Ev
FNDA:1,_ZN41MultisetTest_equal_range_test_insert_TestC2Ev
FN:264,_ZN41MultisetTest_equal_range_test_insert_TestD0Ev
FNDA:1,_ZN41MultisetTest_equal_range_test_insert_TestD0Ev
FN:264,_ZN41MultisetTest_equal_range_test_insert_TestD2Ev
FNDA:1,_ZN41MultisetTest_equal_range_test_insert_TestD2Ev
FN:274,_ZN56MultisetInsertManyTest_InsertMultipleUniqueElements_Test8TestBodyEv
FNDA:1,_ZN56MultisetInsertManyTest_InsertMultipleUniqueElements_Test8TestBodyEv
FN:274,_ZN56MultisetInsertManyTest_InsertMultipleUniqueElements_TestD0Ev
FNDA:1,_ZN56MultisetInsertManyTest_InsertMultipleUniqueElements_TestD0Ev
FN:274,_ZN56MultisetInsertManyTest_InsertMultipleUniqueElements_TestD2Ev
FNDA:1,_ZN56MultisetInsertManyTest_InsertMultipleUniqueElements_TestD2Ev
FN:274,_ZN56MultisetInsertManyTest_InsertMultipleUniqueElements_TestC2Ev
FNDA:1,_ZN56MultisetInsertManyTest_InsertMultipleUniqueElements_TestC2Ev
FN:292,_ZN56MultisetInsertManyTest_InsertMultipleWithDuplicates_TestC2Ev
FNDA:1,_ZN56MultisetInsertManyTest_InsertMultipleWithDuplicates_TestC2Ev
FN:292,_ZN56MultisetInsertManyTest_InsertMultipleWithDuplicates_Test8TestBodyEv
FNDA:1,_ZN56MultisetInsertManyTest_InsertMultipleWithDuplicates_Test8TestBodyEv
FN:292,_ZN56MultisetInsertManyTest_InsertMultipleWithDuplicates_TestD2Ev
FNDA:1,_ZN56MultisetInsertManyTest_InsertMultipleWithDuplicates_TestD2Ev
FN:292,_ZN56MultisetInsertManyTest_InsertMultipleWithDuplicates_TestD0Ev
FNDA:1,_ZN56MultisetInsertManyTest_InsertMultipleWithDuplicates_TestD0Ev
FN:307,_ZN60MultisetInsertManyTest_InsertManyElementsAndCheckCounts_TestC2Ev
FNDA:1,_ZN60MultisetInsertManyTest_InsertManyElementsAndCheckCounts_TestC2Ev
FN:307,_ZN60MultisetInsertManyTest_InsertManyElementsAndCheckCounts_Test8TestBodyEv
FNDA:1,_ZN60MultisetInsertManyTest_InsertManyElementsAndCheckCounts_Test8TestBodyEv
FN:307,_ZN60MultisetInsertManyTest_InsertManyElementsAndCheckCounts_TestD2Ev
FNDA:1,_ZN60MultisetInsertManyTest_InsertManyElementsAndCheckCounts_TestD2Ev
FN:307,_ZN60MultisetInsertManyTest_InsertManyElementsAndCheckCounts_TestD0Ev
FNDA:1,_ZN60MultisetInsertManyTest_InsertManyElementsAndCheckCounts_TestD0Ev
FN:323,_ZN24S21ArrayTest_TestAt_Test8TestBodyEv
FNDA:1,_ZN24S21ArrayTest_TestAt_Test8TestBodyEv
FN:323,_ZN24S21ArrayTest_TestAt_TestD2Ev
FNDA:1,_ZN24S21ArrayTest_TestAt_TestD2Ev
FN:323,_ZN24S21ArrayTest_TestAt_TestD0Ev
FNDA:1,_ZN24S21ArrayTest_TestAt_TestD0Ev
FN:323,_ZN24S21ArrayTest_TestAt_TestC2Ev
FNDA:1,_ZN24S21ArrayTest_TestAt_TestC2Ev
FN:341,_ZN26S21ArrayTest_TestSwap_TestC2Ev
FNDA:1,_ZN26S21ArrayTest_TestSwap_TestC2Ev
FN:341,_ZN26S21ArrayTest_TestSwap_TestD0Ev
FNDA:1,_ZN26S21ArrayTest_TestSwap_TestD0Ev
FN:341,_ZN26S21ArrayTest_TestSwap_TestD2Ev
FNDA:1,_ZN26S21ArrayTest_TestSwap_TestD2Ev
FN:341,_ZN26S21ArrayTest_TestSwap_Test8TestBodyEv
FNDA:1,_ZN26S21ArrayTest_TestSwap_Test8TestBodyEv
FN:356,_ZN31S21ArrayTest_TestFrontBack_TestD0Ev
FNDA:1,_ZN31S21ArrayTest_TestFrontBack_TestD0Ev
FN:356,_ZN31S21ArrayTest_TestFrontBack_TestD2Ev
FNDA:1,_ZN31S21ArrayTest_TestFrontBack_TestD2Ev
FN:356,_ZN31S21ArrayTest_TestFrontBack_Test8TestBodyEv
FNDA:1,_ZN31S21ArrayTest_TestFrontBack_Test8TestBodyEv
FN:356,_ZN31S21ArrayTest_TestFrontBack_TestC2Ev
FNDA:1,_ZN31S21ArrayTest_TestFrontBack_TestC2Ev
FN:375,_ZN27S21ArrayTest_TestFront_Test8TestBodyEv
FNDA:1,_ZN27S21ArrayTest_TestFront_Test8TestBodyEv
FN:375,_ZN27S21ArrayTest_TestFront_TestC2Ev
FNDA:1,_ZN27S21ArrayTest_TestFront_TestC2Ev
FN:375,_ZN27S21ArrayTest_TestFront_TestD2Ev
FNDA:1,_ZN27S21ArrayTest_TestFront_TestD2Ev
FN:375,_ZN27S21ArrayTest_TestFront_TestD0Ev
FNDA:1,_ZN27S21ArrayTest_TestFront_TestD0Ev
FN:390,_ZN26S21ArrayTest_TestBack_TestD2Ev
FNDA:1,_ZN26S21ArrayTest_TestBack_TestD2Ev
FN:390,_ZN26S21ArrayTest_TestBack_TestD0Ev
FNDA:1,_ZN26S21ArrayTest_TestBack_TestD0Ev
FN:390,_ZN26S21ArrayTest_TestBack_TestC2Ev
FNDA:1,_ZN26S21ArrayTest_TestBack_TestC2Ev
FN:390,_ZN26S21ArrayTest_TestBack_Test8TestBodyEv
FNDA:1,_ZN26S21ArrayTest_TestBack_Test8TestBodyEv
FN:405,_ZN30S21ArrayTest_TestBeginEnd_TestC2Ev
FNDA:1,_ZN30S21ArrayTest_TestBeginEnd_TestC2Ev
FN:405,_ZN30S21ArrayTest_TestBeginEnd_TestD2Ev
FNDA:1,_ZN30S21ArrayTest_TestBeginEnd_TestD2Ev
FN:405,_ZN30S21ArrayTest_TestBeginEnd_Test8TestBodyEv
FNDA:1,_ZN30S21ArrayTest_TestBeginEnd_Test8TestBodyEv
FN:405,_ZN30S21ArrayTest_TestBeginEnd_TestD0Ev
FNDA:1,_ZN30S21ArrayTest_TestBeginEnd_TestD0Ev
FN:417,_ZN27S21ArrayTest_TestEmpty_Test8TestBodyEv
FNDA:1,_ZN27S21ArrayTest_TestEmpty_Test8TestBodyEv
FN:417,_ZN27S21ArrayTest_TestEmpty_TestD2Ev
FNDA:1,_ZN27S21ArrayTest_TestEmpty_TestD2Ev
FN:417,_ZN27S21ArrayTest_TestEmpty_TestD0Ev
FNDA:1,_ZN27S21ArrayTest_TestEmpty_TestD0Ev
FN:417,_ZN27S21ArrayTest_TestEmpty_TestC2Ev
FNDA:1,_ZN27S21ArrayTest_TestEmpty_TestC2Ev
FN:428,_ZN26S21ArrayTest_TestSize_Test8TestBodyEv
FNDA:1,_ZN26S21ArrayTest_TestSize_Test8TestBodyEv
FN:428,_ZN26S21ArrayTest_TestSize_TestD2Ev
FNDA:1,_ZN26S21ArrayTest_TestSize_TestD2Ev
FN:428,_ZN26S21ArrayTest_TestSize_TestD0Ev
FNDA:1,_ZN26S21ArrayTest_TestSize_TestD0Ev
FN:428,_ZN26S21ArrayTest_TestSize_TestC2Ev
FNDA:1,_ZN26S21ArrayTest_TestSize_TestC2Ev
FN:440,_ZN26S21ArrayTest_TestFill_Test8TestBodyEv
FNDA:1,_ZN26S21ArrayTest_TestFill_Test8TestBodyEv
FN:440,_ZN26S21ArrayTest_TestFill_TestD0Ev
FNDA:1,_ZN26S21ArrayTest_TestFill_TestD0Ev
FN:440,_ZN26S21ArrayTest_TestFill_TestC2Ev
FNDA:1,_ZN26S21ArrayTest_TestFill_TestC2Ev
FN:440,_ZN26S21ArrayTest_TestFill_TestD2Ev
FNDA:1,_ZN26S21ArrayTest_TestFill_TestD2Ev
FN:458,_ZN38S21ArrayTest_TestOperatorBrackets_TestC2Ev
FNDA:1,_ZN38S21ArrayTest_TestOperatorBrackets_TestC2Ev
FN:458,_ZN38S21ArrayTest_TestOperatorBrackets_TestD2Ev
FNDA:1,_ZN38S21ArrayTest_TestOperatorBrackets_TestD2Ev
FN:458,_ZN38S21ArrayTest_TestOperatorBrackets_TestD0Ev
FNDA:1,_ZN38S21ArrayTest_TestOperatorBrackets_TestD0Ev
FN:458,_ZN38S21ArrayTest_TestOperatorBrackets_Test8TestBodyEv
FNDA:1,_ZN38S21ArrayTest_TestOperatorBrackets_Test8TestBodyEv
FN:476,_ZN44S21ArrayTest_TestCopyAssignmentOperator_TestC2Ev
FNDA:1,_ZN44S21ArrayTest_TestCopyAssignmentOperator_TestC2Ev
FN:476,_ZN44S21ArrayTest_TestCopyAssignmentOperator_TestD2Ev
FNDA:1,_ZN44S21ArrayTest_TestCopyAssignmentOperator_TestD2Ev
FN:476,_ZN44S21ArrayTest_TestCopyAssignmentOperator_TestD0Ev
FNDA:1,_ZN44S21ArrayTest_TestCopyAssignmentOperator_TestD0Ev
FN:476,_ZN44S21ArrayTest_TestCopyAssignmentOperator_Test8TestBodyEv
FNDA:1,_ZN44S21ArrayTest_TestCopyAssignmentOperator_Test8TestBodyEv
FN:494,_ZN44S21ArrayTest_TestMoveAssignmentOperator_TestC2Ev
FNDA:1,_ZN44S21ArrayTest_TestMoveAssignmentOperator_TestC2Ev
FN:494,_ZN44S21ArrayTest_TestMoveAssignmentOperator_TestD2Ev
FNDA:1,_ZN44S21ArrayTest_TestMoveAssignmentOperator_TestD2Ev
FN:494,_ZN44S21ArrayTest_TestMoveAssignmentOperator_TestD0Ev
FNDA:1,_ZN44S21ArrayTest_TestMoveAssignmentOperator_TestD0Ev
FN:494,_ZN44S21ArrayTest_TestMoveAssignmentOperator_Test8TestBodyEv
FNDA:1,_ZN44S21ArrayTest_TestMoveAssignmentOperator_Test8TestBodyEv
FN:515,_ZN38S21ArrayTest_TestIteratorBeginEnd_TestD0Ev
FNDA:1,_ZN38S21ArrayTest_TestIteratorBeginEnd_TestD0Ev
FN:515,_ZN38S21ArrayTest_TestIteratorBeginEnd_Test8TestBodyEv
FNDA:1,_ZN38S21ArrayTest_TestIteratorBeginEnd_Test8TestBodyEv
FN:515,_ZN38S21ArrayTest_TestIteratorBeginEnd_TestC2Ev
FNDA:1,_ZN38S21ArrayTest_TestIteratorBeginEnd_TestC2Ev
FN:515,_ZN38S21ArrayTest_TestIteratorBeginEnd_TestD2Ev
FNDA:1,_ZN38S21ArrayTest_TestIteratorBeginEnd_TestD2Ev
FN:536,_ZN40S21ArrayTest_TestEmptyOnEmptyArrays_Test8TestBodyEv
FNDA:1,_ZN40S21ArrayTest_TestEmptyOnEmptyArrays_Test8TestBodyEv
FN:536,_ZN40S21ArrayTest_TestEmptyOnEmptyArrays_TestC2Ev
FNDA:1,_ZN40S21ArrayTest_TestEmptyOnEmptyArrays_TestC2Ev
FN:536,_ZN40S21ArrayTest_TestEmptyOnEmptyArrays_TestD0Ev
FNDA:1,_ZN40S21ArrayTest_TestEmptyOnEmptyArrays_TestD0Ev
FN:536,_ZN40S21ArrayTest_TestEmptyOnEmptyArrays_TestD2Ev
FNDA:1,_ZN40S21ArrayTest_TestEmptyOnEmptyArrays_TestD2Ev
FN:547,_ZN40S21ArrayTest_TestFillWithEmptyArray_Test8TestBodyEv
FNDA:1,_ZN40S21ArrayTest_TestFillWithEmptyArray_Test8TestBodyEv
FN:547,_ZN40S21ArrayTest_TestFillWithEmptyArray_TestC2Ev
FNDA:1,_ZN40S21ArrayTest_TestFillWithEmptyArray_TestC2Ev
FN:547,_ZN40S21ArrayTest_TestFillWithEmptyArray_TestD0Ev
FNDA:1,_ZN40S21ArrayTest_TestFillWithEmptyArray_TestD0Ev
FN:547,_ZN40S21ArrayTest_TestFillWithEmptyArray_TestD2Ev
FNDA:1,_ZN40S21ArrayTest_TestFillWithEmptyArray_TestD2Ev
FN:558,_ZN34S21ArrayTest_TestSwapContents_TestC2Ev
FNDA:1,_ZN34S21ArrayTest_TestSwapContents_TestC2Ev
FN:558,_ZN34S21ArrayTest_TestSwapContents_Test8TestBodyEv
FNDA:1,_ZN34S21ArrayTest_TestSwapContents_Test8TestBodyEv
FN:558,_ZN34S21ArrayTest_TestSwapContents_TestD0Ev
FNDA:1,_ZN34S21ArrayTest_TestSwapContents_TestD0Ev
FN:558,_ZN34S21ArrayTest_TestSwapContents_TestD2Ev
FNDA:1,_ZN34S21ArrayTest_TestSwapContents_TestD2Ev
FN:570,_ZN31S21ArrayTest_TestInvalidAt_Test8TestBodyEv
FNDA:1,_ZN31S21ArrayTest_TestInvalidAt_Test8TestBodyEv
FN:570,_ZN31S21ArrayTest_TestInvalidAt_TestD2Ev
FNDA:1,_ZN31S21ArrayTest_TestInvalidAt_TestD2Ev
FN:570,_ZN31S21ArrayTest_TestInvalidAt_TestD0Ev
FNDA:1,_ZN31S21ArrayTest_TestInvalidAt_TestD0Ev
FN:570,_ZN31S21ArrayTest_TestInvalidAt_TestC2Ev
FNDA:1,_ZN31S21ArrayTest_TestInvalidAt_TestC2Ev
FN:576,_ZN45S21ArrayTest_TestInvalidOperatorBrackets_Test8TestBodyEv
FNDA:1,_ZN45S21ArrayTest_TestInvalidOperatorBrackets_Test8TestBodyEv
FN:576,_ZN45S21ArrayTest_TestInvalidOperatorBrackets_TestD0Ev
FNDA:1,_ZN45S21ArrayTest_TestInvalidOperatorBrackets_TestD0Ev
FN:576,_ZN45S21ArrayTest_TestInvalidOperatorBrackets_TestC2Ev
FNDA:1,_ZN45S21ArrayTest_TestInvalidOperatorBrackets_TestC2Ev
FN:576,_ZN45S21ArrayTest_TestInvalidOperatorBrackets_TestD2Ev
FNDA:1,_ZN45S21ArrayTest_TestInvalidOperatorBrackets_TestD2Ev
FN:582,_ZN38S21ArrayTest_TestFillOnEmptyArray_TestD0Ev
FNDA:1,_ZN38S21ArrayTest_TestFillOnEmptyArray_TestD0Ev
FN:582,_ZN38S21ArrayTest_TestFillOnEmptyArray_TestD2Ev
FNDA:1,_ZN38S21ArrayTest_TestFillOnEmptyArray_TestD2Ev
FN:582,_ZN38S21ArrayTest_TestFillOnEmptyArray_Test8TestBodyEv
FNDA:1,_ZN38S21ArrayTest_TestFillOnEmptyArray_Test8TestBodyEv
FN:582,_ZN38S21ArrayTest_TestFillOnEmptyArray_TestC2Ev
FNDA:1,_ZN38S21ArrayTest_TestFillOnEmptyArray_TestC2Ev
FN:588,_ZN37S21ArrayTest_TestSwapEmptyArrays_TestC2Ev
FNDA:1,_ZN37S21ArrayTest_TestSwapEmptyArrays_TestC2Ev
FN:588,_ZN37S21ArrayTest_TestSwapEmptyArrays_TestD0Ev
FNDA:1,_ZN37S21ArrayTest_TestSwapEmptyArrays_TestD0Ev
FN:588,_ZN37S21ArrayTest_TestSwapEmptyArrays_TestD2Ev
FNDA:1,_ZN37S21ArrayTest_TestSwapEmptyArrays_TestD2Ev
FN:588,_ZN37S21ArrayTest_TestSwapEmptyArrays_Test8TestBodyEv
FNDA:1,_ZN37S21ArrayTest_TestSwapEmptyArrays_Test8TestBodyEv
FN:596,_ZN40S21ArrayTest_TestSwapArrayWithEmpty_TestD0Ev
FNDA:1,_ZN40S21ArrayTest_TestSwapArrayWithEmpty_TestD0Ev
FN:596,_ZN40S21ArrayTest_TestSwapArrayWithEmpty_TestD2Ev
FNDA:1,_ZN40S21ArrayTest_TestSwapArrayWithEmpty_TestD2Ev
FN:596,_ZN40S21ArrayTest_TestSwapArrayWithEmpty_Test8TestBodyEv
FNDA:1,_ZN40S21ArrayTest_TestSwapArrayWithEmpty_Test8TestBodyEv
FN:596,_ZN40S21ArrayTest_TestSwapArrayWithEmpty_TestC2Ev
FNDA:1,_ZN40S21ArrayTest_TestSwapArrayWithEmpty_TestC2Ev
FN:603,_ZN49S21ArrayTest_TestIteratorsIncrementDecrement_TestD0Ev
FNDA:1,_ZN49S21ArrayTest_TestIteratorsIncrementDecrement_TestD0Ev
FN:603,_ZN49S21ArrayTest_TestIteratorsIncrementDecrement_TestD2Ev
FNDA:1,_ZN49S21ArrayTest_TestIteratorsIncrementDecrement_TestD2Ev
FN:603,_ZN49S21ArrayTest_TestIteratorsIncrementDecrement_Test8TestBodyEv
FNDA:1,_ZN49S21ArrayTest_TestIteratorsIncrementDecrement_Test8TestBodyEv
FN:603,_ZN49S21ArrayTest_TestIteratorsIncrementDecrement_TestC2Ev
FNDA:1,_ZN49S21ArrayTest_TestIteratorsIncrementDecrement_TestC2Ev
FN:613,_ZN36S21ArrayTest_TestConstIterators_TestD0Ev
FNDA:1,_ZN36S21ArrayTest_TestConstIterators_TestD0Ev
FN:613,_ZN36S21ArrayTest_TestConstIterators_TestD2Ev
FNDA:1,_ZN36S21ArrayTest_TestConstIterators_TestD2Ev
FN:613,_ZN36S21ArrayTest_TestConstIterators_Test8TestBodyEv
FNDA:1,_ZN36S21ArrayTest_TestConstIterators_Test8TestBodyEv
FN:613,_ZN36S21ArrayTest_TestConstIterators_TestC2Ev
FNDA:1,_ZN36S21ArrayTest_TestConstIterators_TestC2Ev
FN:623,_ZN39S21ArrayTest_TestIteratorsEquality_TestD0Ev
FNDA:1,_ZN39S21ArrayTest_TestIteratorsEquality_TestD0Ev
FN:623,_ZN39S21ArrayTest_TestIteratorsEquality_TestD2Ev
FNDA:1,_ZN39S21ArrayTest_TestIteratorsEquality_TestD2Ev
FN:623,_ZN39S21ArrayTest_TestIteratorsEquality_TestC2Ev
FNDA:1,_ZN39S21ArrayTest_TestIteratorsEquality_TestC2Ev
FN:623,_ZN39S21ArrayTest_TestIteratorsEquality_Test8TestBodyEv
FNDA:1,_ZN39S21ArrayTest_TestIteratorsEquality_Test8TestBodyEv
FN:634,_ZN41S21ArrayTest_TestIteratorsArithmetic_TestD2Ev
FNDA:1,_ZN41S21ArrayTest_TestIteratorsArithmetic_TestD2Ev
FN:634,_ZN41S21ArrayTest_TestIteratorsArithmetic_TestC2Ev
FNDA:1,_ZN41S21ArrayTest_TestIteratorsArithmetic_TestC2Ev
FN:634,_ZN41S21ArrayTest_TestIteratorsArithmetic_Test8TestBodyEv
FNDA:1,_ZN41S21ArrayTest_TestIteratorsArithmetic_Test8TestBodyEv
FN:634,_ZN41S21ArrayTest_TestIteratorsArithmetic_TestD0Ev
FNDA:1,_ZN41S21ArrayTest_TestIteratorsArithmetic_TestD0Ev
FN:651,_ZN29S21ArrayTest_TestMaxSize_TestD2Ev
FNDA:1,_ZN29S21ArrayTest_TestMaxSize_TestD2Ev
FN:651,_ZN29S21ArrayTest_TestMaxSize_TestD0Ev
FNDA:1,_ZN29S21ArrayTest_TestMaxSize_TestD0Ev
FN:651,_ZN29S21ArrayTest_TestMaxSize_TestC2Ev
FNDA:1,_ZN29S21ArrayTest_TestMaxSize_TestC2Ev
FN:651,_ZN29S21ArrayTest_TestMaxSize_Test8TestBodyEv
FNDA:1,_ZN29S21ArrayTest_TestMaxSize_Test8TestBodyEv
FN:659,_ZN26S21ArrayTest_TestData_TestD0Ev
FNDA:1,_ZN26S21ArrayTest_TestData_TestD0Ev
FN:659,_ZN26S21ArrayTest_TestData_TestC2Ev
FNDA:1,_ZN26S21ArrayTest_TestData_TestC2Ev
FN:659,_ZN26S21ArrayTest_TestData_TestD2Ev
FNDA:1,_ZN26S21ArrayTest_TestData_TestD2Ev
FN:659,_ZN26S21ArrayTest_TestData_Test8TestBodyEv
FNDA:1,_ZN26S21ArrayTest_TestData_Test8TestBodyEv
DA:3,1
DA:3,1
DA:3,1
DA:3,1
DA:4,1
DA:5,1
DA:6,1
DA:8,1
DA:8,1
DA:8,1
DA:8,1
DA:9,1
DA:10,1
DA:12,1
DA:13,1
DA:15,1
DA:17,1
DA:18,1
DA:19,1
DA:20,1
DA:21,1
DA:22,1
DA:24,1
DA:24,1
DA:24,1
DA:24,1
DA:25,1
DA:26,1
DA:28,1
DA:30,1
DA:31,1
DA:32,1
DA:33,1
DA:35,1
DA:35,1
DA:35,1
DA:35,1
DA:36,1
DA:37,1
DA:39,1
DA:40,1
DA:42,1
DA:43,1
DA:44,1
DA:46,1
DA:47,1
DA:48,1
DA:49,1
DA:50,1
DA:51,1
DA:52,1
DA:53,1
DA:54,1
DA:55,1
DA:56,5
DA:57,4
DA:58,4
DA:60,1
DA:62,1
DA:62,1
DA:62,1
DA:62,1
DA:63,1
DA:64,1
DA:65,1
DA:67,1
DA:69,1
DA:70,1
DA:71,1
DA:73,1
DA:74,1
DA:75,1
DA:76,1
DA:78,1
DA:79,1
DA:80,1
DA:81,1
DA:82,1
DA:84,1
DA:84,1
DA:84,1
DA:84,1
DA:85,1
DA:86,1
DA:87,2
DA:89,1
DA:90,1
DA:92,2
DA:94,1
DA:95,1
DA:96,1
DA:97,1
DA:98,1
DA:99,1
DA:100,1
DA:101,1
DA:102,1
DA:103,1
DA:105,1
DA:106,1
DA:107,7
DA:108,6
DA:109,6
DA:111,1
DA:113,1
DA:113,1
DA:113,1
DA:113,1
DA:114,1
DA:115,1
DA:116,2
DA:117,1
DA:119,1
DA:121,1
DA:122,1
DA:124,1
DA:125,1
DA:126,1
DA:127,1
DA:128,1
DA:129,1
DA:130,1
DA:131,1
DA:132,1
DA:134,1
DA:134,1
DA:134,1
DA:134,1
DA:135,1
DA:136,1
DA:137,1
DA:138,1
DA:139,1
DA:140,1
DA:141,1
DA:142,1
DA:143,1
DA:144,1
DA:145,1
DA:146,1
DA:147,1
DA:148,1
DA:149,1
DA:150,1
DA:151,1
DA:152,1
DA:153,1
DA:154,1
DA:155,6
DA:156,5
DA:157,5
DA:159,1
DA:161,1
DA:161,1
DA:161,1
DA:161,1
DA:162,1
DA:163,1
DA:164,1
DA:165,1
DA:166,1
DA:167,1
DA:168,1
DA:169,1
DA:170,1
DA:171,1
DA:173,1
DA:173,1
DA:173,1
DA:173,1
DA:174,1
DA:175,1
DA:176,2
DA:177,1
DA:178,1
DA:179,1
DA:180,1
DA:181,1
DA:183,1
DA:183,1
DA:183,1
DA:183,1
DA:184,1
DA:185,1
DA:186,2
DA:187,1
DA:188,1
DA:189,1
DA:190,1
DA:191,1
DA:193,1
DA:193,1
DA:193,1
DA:193,1
DA:194,1
DA:195,1
DA:196,1
DA:197,1
DA:198,1
DA:200,1
DA:200,1
DA:200,1
DA:200,1
DA:201,1
DA:202,1
DA:203,1
DA:204,1
DA:205,1
DA:207,1
DA:207,1
DA:207,1
DA:207,1
DA:208,1
DA:209,1
DA:210,1
DA:211,1
DA:212,1
DA:213,1
DA:214,1
DA:215,1
DA:216,1
DA:217,1
DA:218,1
DA:219,1
DA:220,1
DA:222,1
DA:222,1
DA:222,1
DA:222,1
DA:223,1
DA:224,1
DA:225,1
DA:226,1
DA:227,1
DA:229,1
DA:229,1
DA:229,1
DA:229,1
DA:231,1
DA:233,1
DA:234,1
DA:235,1
DA:236,1
DA:238,1
DA:238,1
DA:238,1
DA:238,1
DA:240,1
DA:242,1
DA:243,1
DA:244,1
DA:246,1
DA:246,1
DA:246,1
DA:246,1
DA:248,1
DA:250,1
DA:252,1
DA:253,1
DA:254,1
DA:256,1
DA:256,1
DA:256,1
DA:256,1
DA:258,1
DA:260,1
DA:261,1
DA:262,1
DA:264,1
DA:264,1
DA:264,1
DA:264,1
DA:266,1
DA:268,1
DA:269,1
DA:270,1
DA:271,1
DA:272,1
DA:273,1
DA:274,1
DA:274,1
DA:274,1
DA:274,1
DA:275,1
DA:276,1
DA:279,1
DA:282,1
DA:283,1
DA:284,1
DA:285,1
DA:286,1
DA:287,1
DA:288,1
DA:289,1
DA:290,1
DA:292,1
DA:292,1
DA:292,1
DA:292,1
DA:293,1
DA:294,1
DA:297,1
DA:300,1
DA:301,1
DA:302,1
DA:303,1
DA:304,1
DA:305,1
DA:307,1
DA:307,1
DA:307,1
DA:307,1
DA:308,1
DA:309,1
DA:312,1
DA:314,1
DA:315,1
DA:316,1
DA:317,1
DA:318,1
DA:319,1
DA:320,1
DA:323,1
DA:323,1
DA:323,1
DA:323,1
DA:324,1
DA:325,1
DA:326,1
DA:327,1
DA:328,1
DA:329,1
DA:331,1
DA:332,1
DA:333,1
DA:336,7
DA:337,1
DA:338,1
DA:339,1
DA:341,1
DA:341,1
DA:341,1
DA:341,1
DA:342,1
DA:343,1
DA:344,1
DA:346,1
DA:347,1
DA:348,1
DA:351,7
DA:352,6
DA:353,1
DA:354,1
DA:356,1
DA:356,1
DA:356,1
DA:356,1
DA:357,1
DA:358,1
DA:359,1
DA:361,1
DA:362,1
DA:363,1
DA:366,7
DA:367,1
DA:368,1
DA:370,1
DA:371,1
DA:372,1
DA:373,1
DA:375,1
DA:375,1
DA:375,1
DA:375,1
DA:376,1
DA:377,1
DA:378,1
DA:380,1
DA:381,1
DA:382,1
DA:385,7
DA:386,1
DA:387,1
DA:388,1
DA:390,1
DA:390,1
DA:390,1
DA:390,1
DA:391,1
DA:392,1
DA:393,1
DA:395,1
DA:396,1
DA:397,1
DA:400,7
DA:401,1
DA:402,1
DA:403,1
DA:405,1
DA:405,1
DA:405,1
DA:405,1
DA:406,1
DA:407,2
DA:409,1
DA:410,2
DA:413,7
DA:414,2
DA:415,1
DA:417,1
DA:417,1
DA:417,1
DA:417,1
DA:418,1
DA:419,1
DA:421,1
DA:422,1
DA:424,1
DA:425,1
DA:426,1
DA:428,1
DA:428,1
DA:428,1
DA:428,1
DA:429,1
DA:430,1
DA:432,1
DA:433,1
DA:436,7
DA:437,1
DA:438,1
DA:440,1
DA:440,1
DA:440,1
DA:440,1
DA:441,1
DA:442,1
DA:443,1
DA:444,1
DA:446,1
DA:447,1
DA:448,1
DA:449,1
DA:452,7
DA:453,1
DA:454,1
DA:455,1
DA:456,1
DA:458,1
DA:458,1
DA:458,1
DA:458,1
DA:459,1
DA:460,1
DA:461,1
DA:462,1
DA:464,1
DA:465,1
DA:466,1
DA:467,1
DA:470,7
DA:471,1
DA:472,1
DA:473,1
DA:474,1
DA:476,1
DA:476,1
DA:476,1
DA:476,1
DA:477,1
DA:478,1
DA:479,1
DA:480,1
DA:482,1
DA:483,1
DA:484,1
DA:485,1
DA:488,7
DA:489,1
DA:490,1
DA:491,1
DA:492,1
DA:494,1
DA:494,1
DA:494,1
DA:494,1
DA:495,1
DA:496,1
DA:497,1
DA:498,1
DA:499,1
DA:501,1
DA:502,1
DA:503,1
DA:504,1
DA:505,1
DA:508,7
DA:509,1
DA:510,1
DA:511,1
DA:512,1
DA:513,1
DA:515,1
DA:515,1
DA:515,1
DA:515,1
DA:516,1
DA:517,2
DA:518,2
DA:519,1
DA:520,2
DA:522,1
DA:523,2
DA:524,2
DA:525,1
DA:526,2
DA:529,7
DA:530,2
DA:531,2
DA:532,1
DA:533,2
DA:534,1
DA:536,1
DA:536,1
DA:536,1
DA:536,1
DA:537,1
DA:538,1
DA:540,1
DA:541,1
DA:543,1
DA:544,1
DA:545,1
DA:547,1
DA:547,1
DA:547,1
DA:547,1
DA:548,1
DA:549,1
DA:551,1
DA:552,1
DA:554,1
DA:555,1
DA:556,1
DA:558,1
DA:558,1
DA:558,1
DA:558,1
DA:559,1
DA:560,1
DA:562,1
DA:564,1
DA:565,1
DA:566,1
DA:567,1
DA:568,1
DA:570,1
DA:570,1
DA:570,1
DA:570,1
DA:571,1
DA:572,1
DA:573,1
DA:574,1
DA:576,1
DA:576,1
DA:576,1
DA:576,1
DA:577,1
DA:578,1
DA:579,1
DA:580,1
DA:582,1
DA:582,1
DA:582,1
DA:582,1
DA:583,1
DA:584,1
DA:585,1
DA:586,1
DA:588,1
DA:588,1
DA:588,1
DA:588,1
DA:589,1
DA:590,1
DA:591,1
DA:592,1
DA:593,1
DA:594,1
DA:596,1
DA:596,1
DA:596,1
DA:596,1
DA:597,1
DA:598,1
DA:599,1
DA:600,1
DA:601,1
DA:602,1
DA:603,1
DA:603,1
DA:603,1
DA:603,1
DA:604,1
DA:605,1
DA:606,1
DA:607,1
DA:608,1
DA:609,1
DA:610,1
DA:611,1
DA:613,1
DA:613,1
DA:613,1
DA:613,1
DA:614,1
DA:615,1
DA:616,1
DA:617,1
DA:618,1
DA:619,1
DA:620,1
DA:621,1
DA:623,1
DA:623,1
DA:623,1
DA:623,1
DA:624,1
DA:626,1
DA:627,1
DA:629,1
DA:630,1
DA:631,1
DA:632,1
DA:634,1
DA:634,1
DA:634,1
DA:634,1
DA:635,1
DA:636,1
DA:638,1
DA:639,1
DA:641,1
DA:642,1
DA:644,1
DA:645,1
DA:647,1
DA:648,1
DA:649,1
DA:651,1
DA:651,1
DA:651,1
DA:651,1
DA:652,1
DA:653,1
DA:655,1
DA:656,1
DA:657,1
DA:659,1
DA:659,1
DA:659,1
DA:659,1
DA:660,1
DA:661,1
DA:662,1
DA:663,1
DA:665,1
DA:666,1
DA:667,1
DA:668,1
end_of_record
SF:/home/shinda/projects/CPP2_s21_containers-3/src/s21_containers/s21_RBTree.h
FN:29,_ZN3s216BranchIccEC2ERcS2_
FNDA:7,_ZN3s216BranchIccEC2ERcS2_
FN:29,_ZN3s216BranchIddEC2ERdS2_
FNDA:99,_ZN3s216BranchIddEC2ERdS2_
FN:29,_ZN3s216BranchIiiEC2ERiS2_
FNDA:358,_ZN3s216BranchIiiEC2ERiS2_
FN:52,_ZN3s218IteratorIddEC2EPNS_6BranchIddEES4_
FNDA:362,_ZN3s218IteratorIddEC2EPNS_6BranchIddEES4_
FN:52,_ZN3s218IteratorIccEC2EPNS_6BranchIccEES4_
FNDA:7,_ZN3s218IteratorIccEC2EPNS_6BranchIccEES4_
FN:52,_ZN3s218IteratorIiiEC2EPNS_6BranchIiiEES4_
FNDA:380,_ZN3s218IteratorIiiEC2EPNS_6BranchIiiEES4_
FN:68,_ZN3s218IteratorIiiEppEv
FNDA:100,_ZN3s218IteratorIiiEppEv
FN:68,_ZN3s218IteratorIddEppEv
FNDA:212,_ZN3s218IteratorIddEppEv
FN:87,_ZN3s218IteratorIiiEppEi
FNDA:57,_ZN3s218IteratorIiiEppEi
FN:87,_ZN3s218IteratorIddEppEi
FNDA:212,_ZN3s218IteratorIddEppEi
FN:108,_ZNK3s218IteratorIiiEneERKS1_
FNDA:63,_ZNK3s218IteratorIiiEneERKS1_
FN:108,_ZNK3s218IteratorIddEneERKS1_
FNDA:237,_ZNK3s218IteratorIddEneERKS1_
FN:110,_ZNK3s218IteratorIiiEdeEv
FNDA:47,_ZNK3s218IteratorIiiEdeEv
FN:110,_ZNK3s218IteratorIddEdeEv
FNDA:4,_ZNK3s218IteratorIddEdeEv
FN:128,_ZN3s218IteratorIddE10GetCurrentEv
FNDA:216,_ZN3s218IteratorIddE10GetCurrentEv
FN:128,_ZN3s218IteratorIiiE10GetCurrentEv
FNDA:109,_ZN3s218IteratorIiiE10GetCurrentEv
FN:170,_ZN3s216RBTreeIccEC2Ev
FNDA:1,_ZN3s216RBTreeIccEC2Ev
FN:170,_ZN3s216RBTreeIiiEC2Ev
FNDA:111,_ZN3s216RBTreeIiiEC2Ev
FN:170,_ZN3s216RBTreeIddEC2Ev
FNDA:10,_ZN3s216RBTreeIddEC2Ev
FN:173,_ZN3s216RBTreeIddED2Ev
FNDA:10,_ZN3s216RBTreeIddED2Ev
FN:173,_ZN3s216RBTreeIiiED2Ev
FNDA:118,_ZN3s216RBTreeIiiED2Ev
FN:173,_ZN3s216RBTreeIccED2Ev
FNDA:1,_ZN3s216RBTreeIccED2Ev
FN:179,_ZN3s216RBTreeIiiEaSEOS1_
FNDA:9,_ZN3s216RBTreeIiiEaSEOS1_
FN:188,_ZN3s216RBTreeIiiEaSERKS1_
FNDA:5,_ZN3s216RBTreeIiiEaSERKS1_
FN:196,_ZN3s216RBTreeIddE6InsertEdd
FNDA:99,_ZN3s216RBTreeIddE6InsertEdd
FN:196,_ZN3s216RBTreeIccE6InsertEcc
FNDA:7,_ZN3s216RBTreeIccE6InsertEcc
FN:196,_ZN3s216RBTreeIiiE6InsertEii
FNDA:336,_ZN3s216RBTreeIiiE6InsertEii
FN:201,_ZN3s216RBTreeIddE10SetRepatedEb
FNDA:10,_ZN3s216RBTreeIddE10SetRepatedEb
FN:201,_ZN3s216RBTreeIiiE10SetRepatedEb
FNDA:33,_ZN3s216RBTreeIiiE10SetRepatedEb
FN:201,_ZN3s216RBTreeIccE10SetRepatedEb
FNDA:1,_ZN3s216RBTreeIccE10SetRepatedEb
FN:202,_ZNK3s216RBTreeIiiE7GetRootEv
FNDA:363,_ZNK3s216RBTreeIiiE7GetRootEv
FN:202,_ZNK3s216RBTreeIddE7GetRootEv
FNDA:64,_ZNK3s216RBTreeIddE7GetRootEv
FN:202,_ZNK3s216RBTreeIccE7GetRootEv
FNDA:2,_ZNK3s216RBTreeIccE7GetRootEv
FN:206,_ZN3s216RBTreeIddE5ClearEPNS_6BranchIddEE
FNDA:208,_ZN3s216RBTreeIddE5ClearEPNS_6BranchIddEE
FN:206,_ZN3s216RBTreeIiiE5ClearEPNS_6BranchIiiEE
FNDA:807,_ZN3s216RBTreeIiiE5ClearEPNS_6BranchIiiEE
FN:206,_ZN3s216RBTreeIccE5ClearEPNS_6BranchIccEE
FNDA:15,_ZN3s216RBTreeIccE5ClearEPNS_6BranchIccEE
FN:224,_ZN3s216RBTreeIiiE6GetMinEv
FNDA:63,_ZN3s216RBTreeIiiE6GetMinEv
FN:224,_ZN3s216RBTreeIddE6GetMinEv
FNDA:25,_ZN3s216RBTreeIddE6GetMinEv
FN:225,_ZN3s216RBTreeIiiE6GetMaxEv
FNDA:21,_ZN3s216RBTreeIiiE6GetMaxEv
FN:225,_ZN3s216RBTreeIddE6GetMaxEv
FNDA:1,_ZN3s216RBTreeIddE6GetMaxEv
FN:233,_ZN3s216RBTreeIiiE5beginEv
FNDA:61,_ZN3s216RBTreeIiiE5beginEv
FN:233,_ZN3s216RBTreeIddE5beginEv
FNDA:25,_ZN3s216RBTreeIddE5beginEv
FN:240,_ZN3s216RBTreeIiiE3endEv
FNDA:19,_ZN3s216RBTreeIiiE3endEv
FN:240,_ZN3s216RBTreeIddE3endEv
FNDA:1,_ZN3s216RBTreeIddE3endEv
FN:247,_ZNK3s216RBTreeIiiE7IsEmptyEv
FNDA:9,_ZNK3s216RBTreeIiiE7IsEmptyEv
FN:248,_ZN3s216RBTreeIiiE7SetRootEPNS_6BranchIiiEE
FNDA:8,_ZN3s216RBTreeIiiE7SetRootEPNS_6BranchIiiEE
FN:255,_ZN3s216RBTreeIddE6SearchEd
FNDA:1,_ZN3s216RBTreeIddE6SearchEd
FN:272,_ZN3s216RBTreeIiiE7GetSizeEPNS_6BranchIiiEE
FNDA:4668,_ZN3s216RBTreeIiiE7GetSizeEPNS_6BranchIiiEE
FN:272,_ZN3s216RBTreeIddE7GetSizeEPNS_6BranchIddEE
FNDA:2798,_ZN3s216RBTreeIddE7GetSizeEPNS_6BranchIddEE
FN:272,_ZN3s216RBTreeIccE7GetSizeEPNS_6BranchIccEE
FNDA:108,_ZN3s216RBTreeIccE7GetSizeEPNS_6BranchIccEE
FN:279,_ZN3s216RBTreeIiiE9GetHeightEPNS_6BranchIiiEE
FNDA:7118,_ZN3s216RBTreeIiiE9GetHeightEPNS_6BranchIiiEE
FN:279,_ZN3s216RBTreeIddE9GetHeightEPNS_6BranchIddEE
FNDA:3078,_ZN3s216RBTreeIddE9GetHeightEPNS_6BranchIddEE
FN:279,_ZN3s216RBTreeIccE9GetHeightEPNS_6BranchIccEE
FNDA:150,_ZN3s216RBTreeIccE9GetHeightEPNS_6BranchIccEE
FN:286,_ZN3s216RBTreeIddE10UpdateSizeEPNS_6BranchIddEE
FNDA:3197,_ZN3s216RBTreeIddE10UpdateSizeEPNS_6BranchIddEE
FN:286,_ZN3s216RBTreeIiiE10UpdateSizeEPNS_6BranchIiiEE
FNDA:5560,_ZN3s216RBTreeIiiE10UpdateSizeEPNS_6BranchIiiEE
FN:286,_ZN3s216RBTreeIccE10UpdateSizeEPNS_6BranchIccEE
FNDA:127,_ZN3s216RBTreeIccE10UpdateSizeEPNS_6BranchIccEE
FN:294,_ZN3s216RBTreeIddE13BalanceFactorEPNS_6BranchIddEE
FNDA:741,_ZN3s216RBTreeIddE13BalanceFactorEPNS_6BranchIddEE
FN:294,_ZN3s216RBTreeIiiE13BalanceFactorEPNS_6BranchIiiEE
FNDA:1719,_ZN3s216RBTreeIiiE13BalanceFactorEPNS_6BranchIiiEE
FN:294,_ZN3s216RBTreeIccE13BalanceFactorEPNS_6BranchIccEE
FNDA:37,_ZN3s216RBTreeIccE13BalanceFactorEPNS_6BranchIccEE
FN:299,_ZN3s216RBTreeIiiE12UpdateHeightEPNS_6BranchIiiEE
FNDA:1832,_ZN3s216RBTreeIiiE12UpdateHeightEPNS_6BranchIiiEE
FN:299,_ZN3s216RBTreeIccE12UpdateHeightEPNS_6BranchIccEE
FNDA:38,_ZN3s216RBTreeIccE12UpdateHeightEPNS_6BranchIccEE
FN:299,_ZN3s216RBTreeIddE12UpdateHeightEPNS_6BranchIddEE
FNDA:798,_ZN3s216RBTreeIddE12UpdateHeightEPNS_6BranchIddEE
FN:305,_ZN3s216RBTreeIccE7BalanceEPNS_6BranchIccEE
FNDA:18,_ZN3s216RBTreeIccE7BalanceEPNS_6BranchIccEE
FN:305,_ZN3s216RBTreeIddE7BalanceEPNS_6BranchIddEE
FNDA:343,_ZN3s216RBTreeIddE7BalanceEPNS_6BranchIddEE
FN:305,_ZN3s216RBTreeIiiE7BalanceEPNS_6BranchIiiEE
FNDA:820,_ZN3s216RBTreeIiiE7BalanceEPNS_6BranchIiiEE
FN:330,_ZN3s216RBTreeIiiE10RotateLeftEPNS_6BranchIiiEE
FNDA:66,_ZN3s216RBTreeIiiE10RotateLeftEPNS_6BranchIiiEE
FN:330,_ZN3s216RBTreeIccE10RotateLeftEPNS_6BranchIccEE
FNDA:1,_ZN3s216RBTreeIccE10RotateLeftEPNS_6BranchIccEE
FN:330,_ZN3s216RBTreeIddE10RotateLeftEPNS_6BranchIddEE
FNDA:55,_ZN3s216RBTreeIddE10RotateLeftEPNS_6BranchIddEE
FN:344,_ZN3s216RBTreeIccE11RotateRightEPNS_6BranchIccEE
FNDA:0,_ZN3s216RBTreeIccE11RotateRightEPNS_6BranchIccEE
FN:344,_ZN3s216RBTreeIddE11RotateRightEPNS_6BranchIddEE
FNDA:1,_ZN3s216RBTreeIddE11RotateRightEPNS_6BranchIddEE
FN:344,_ZN3s216RBTreeIiiE11RotateRightEPNS_6BranchIiiEE
FNDA:30,_ZN3s216RBTreeIiiE11RotateRightEPNS_6BranchIiiEE
FN:364,_ZN3s216RBTreeIiiE8CopyTreeEPNS_6BranchIiiEE
FNDA:56,_ZN3s216RBTreeIiiE8CopyTreeEPNS_6BranchIiiEE
FN:376,_ZN3s216RBTreeIiiE7FindMinEPNS_6BranchIiiEE
FNDA:141,_ZN3s216RBTreeIiiE7FindMinEPNS_6BranchIiiEE
FN:376,_ZN3s216RBTreeIddE7FindMinEPNS_6BranchIddEE
FNDA:81,_ZN3s216RBTreeIddE7FindMinEPNS_6BranchIddEE
FN:416,_ZN3s216RBTreeIddE6InsertEPNS_6BranchIddEEddS4_
FNDA:343,_ZN3s216RBTreeIddE6InsertEPNS_6BranchIddEEddS4_
FN:416,_ZN3s216RBTreeIccE6InsertEPNS_6BranchIccEEccS4_
FNDA:18,_ZN3s216RBTreeIccE6InsertEPNS_6BranchIccEEccS4_
FN:416,_ZN3s216RBTreeIiiE6InsertEPNS_6BranchIiiEEiiS4_
FNDA:808,_ZN3s216RBTreeIiiE6InsertEPNS_6BranchIiiEEiiS4_
DA:29,7
DA:30,7
DA:31,7
DA:32,7
DA:33,7
DA:34,7
DA:35,7
DA:36,7
DA:37,7
DA:38,7
DA:39,7
DA:29,99
DA:30,99
DA:31,99
DA:32,99
DA:33,99
DA:34,99
DA:35,99
DA:36,99
DA:37,99
DA:38,99
DA:39,99
DA:29,358
DA:30,358
DA:31,358
DA:32,358
DA:33,358
DA:34,358
DA:35,358
DA:36,358
DA:37,358
DA:38,358
DA:39,358
DA:52,7
DA:54,7
DA:52,362
DA:54,362
DA:52,380
DA:54,380
DA:68,212
DA:69,212
DA:70,212
DA:71,99
DA:72,135
DA:73,36
DA:76,113
DA:77,207
DA:78,94
DA:79,94
DA:81,113
DA:84,212
DA:68,100
DA:69,100
DA:70,99
DA:71,48
DA:72,56
DA:73,8
DA:76,51
DA:77,77
DA:78,26
DA:79,26
DA:81,51
DA:84,100
DA:87,212
DA:88,212
DA:89,212
DA:90,212
DA:87,57
DA:88,57
DA:89,57
DA:90,57
DA:108,237
DA:108,63
DA:110,4
DA:111,4
DA:112,0
DA:114,4
DA:110,47
DA:111,47
DA:112,2
DA:114,45
DA:128,216
DA:128,109
DA:170,10
DA:170,111
DA:170,1
DA:173,10
DA:174,10
DA:175,10
DA:177,10
DA:173,118
DA:174,118
DA:175,85
DA:177,118
DA:173,1
DA:174,1
DA:175,1
DA:177,1
DA:179,9
DA:180,9
DA:181,9
DA:182,9
DA:183,9
DA:185,9
DA:188,5
DA:189,5
DA:190,5
DA:191,5
DA:193,5
DA:196,336
DA:197,336
DA:198,336
DA:196,7
DA:197,7
DA:198,7
DA:196,99
DA:197,99
DA:198,99
DA:201,10
DA:201,33
DA:201,1
DA:202,64
DA:202,363
DA:202,2
DA:206,208
DA:207,208
DA:208,99
DA:209,99
DA:210,99
DA:212,208
DA:213,208
DA:206,15
DA:207,15
DA:208,7
DA:209,7
DA:210,7
DA:212,15
DA:213,15
DA:206,807
DA:207,807
DA:208,350
DA:209,350
DA:210,350
DA:212,807
DA:213,807
DA:224,25
DA:224,63
DA:225,1
DA:226,1
DA:227,4
DA:228,3
DA:230,1
DA:225,21
DA:226,21
DA:227,49
DA:228,28
DA:230,21
DA:233,25
DA:237,25
DA:233,61
DA:237,61
DA:240,1
DA:244,1
DA:240,19
DA:244,19
DA:247,9
DA:248,8
DA:255,1
DA:256,1
DA:257,4
DA:258,3
DA:259,3
DA:261,1
DA:272,4668
DA:273,4668
DA:274,1438
DA:276,3230
DA:272,108
DA:273,108
DA:274,35
DA:276,73
DA:272,2798
DA:273,2798
DA:274,1000
DA:276,1798
DA:279,7118
DA:280,7118
DA:281,4034
DA:283,3084
DA:279,150
DA:280,150
DA:281,68
DA:283,82
DA:279,3078
DA:280,3078
DA:281,1353
DA:283,1725
DA:286,5560
DA:287,5560
DA:288,2330
DA:289,2330
DA:290,2330
DA:292,5560
DA:286,127
DA:287,127
DA:288,54
DA:289,54
DA:290,54
DA:292,127
DA:286,3197
DA:287,3197
DA:288,1399
DA:289,1399
DA:290,1399
DA:292,3197
DA:294,1719
DA:295,1719
DA:296,1719
DA:294,37
DA:295,37
DA:296,37
DA:294,741
DA:295,741
DA:296,741
DA:299,1832
DA:300,1832
DA:301,1832
DA:302,1832
DA:303,1832
DA:299,38
DA:300,38
DA:301,38
DA:302,38
DA:303,38
DA:299,798
DA:300,798
DA:301,798
DA:302,798
DA:303,798
DA:305,820
DA:306,820
DA:308,820
DA:309,16
DA:310,3
DA:311,3
DA:313,16
DA:314,16
DA:317,820
DA:318,63
DA:319,14
DA:320,14
DA:322,63
DA:323,63
DA:325,820
DA:326,820
DA:327,820
DA:305,18
DA:306,18
DA:308,18
DA:309,0
DA:310,0
DA:311,0
DA:313,0
DA:314,0
DA:317,18
DA:318,1
DA:319,0
DA:320,0
DA:322,1
DA:323,1
DA:325,18
DA:326,18
DA:327,18
DA:305,343
DA:306,343
DA:308,343
DA:309,0
DA:310,0
DA:311,0
DA:313,0
DA:314,0
DA:317,343
DA:318,55
DA:319,1
DA:320,1
DA:322,55
DA:323,55
DA:325,343
DA:326,343
DA:327,343
DA:330,66
DA:331,66
DA:332,66
DA:333,66
DA:334,8
DA:336,66
DA:337,66
DA:338,66
DA:339,66
DA:340,66
DA:341,66
DA:330,1
DA:331,1
DA:332,1
DA:333,1
DA:334,1
DA:336,1
DA:337,1
DA:338,1
DA:339,1
DA:340,1
DA:341,1
DA:330,55
DA:331,55
DA:332,55
DA:333,55
DA:334,19
DA:336,55
DA:337,55
DA:338,55
DA:339,55
DA:340,55
DA:341,55
DA:344,30
DA:345,30
DA:346,30
DA:347,30
DA:348,3
DA:350,30
DA:351,30
DA:352,30
DA:353,30
DA:354,30
DA:355,30
DA:344,0
DA:345,0
DA:346,0
DA:347,0
DA:348,0
DA:350,0
DA:351,0
DA:352,0
DA:353,0
DA:354,0
DA:355,0
DA:344,1
DA:345,1
DA:346,1
DA:347,1
DA:348,0
DA:350,1
DA:351,1
DA:352,1
DA:353,1
DA:354,1
DA:355,1
DA:364,56
DA:365,56
DA:366,33
DA:368,23
DA:369,23
DA:370,23
DA:371,23
DA:372,23
DA:373,23
DA:374,23
DA:376,81
DA:377,81
DA:378,25
DA:380,56
DA:376,141
DA:377,141
DA:378,67
DA:380,74
DA:416,808
DA:419,808
DA:420,808
DA:421,335
DA:422,335
DA:423,335
DA:424,335
DA:426,473
DA:427,158
DA:428,315
DA:429,297
DA:430,18
DA:431,18
DA:432,17
DA:433,3
DA:435,14
DA:439,473
DA:416,18
DA:419,18
DA:420,18
DA:421,7
DA:422,7
DA:423,7
DA:424,7
DA:426,11
DA:427,0
DA:428,11
DA:429,0
DA:430,11
DA:431,11
DA:432,11
DA:433,8
DA:435,3
DA:439,11
DA:416,343
DA:419,343
DA:420,343
DA:421,99
DA:422,99
DA:423,99
DA:424,99
DA:426,244
DA:427,6
DA:428,238
DA:429,229
DA:430,9
DA:431,9
DA:432,9
DA:433,1
DA:435,8
DA:439,244
end_of_record
SF:/home/shinda/projects/CPP2_s21_containers-3/src/s21_containers/s21_set.h
FN:14,_ZN3s213SetIdEC2Ev
FNDA:10,_ZN3s213SetIdEC2Ev
FN:14,_ZN3s213SetIiEC2Ev
FNDA:28,_ZN3s213SetIiEC2Ev
FN:14,_ZN3s213SetIcEC2Ev
FNDA:1,_ZN3s213SetIcEC2Ev
FN:23,_ZN3s213SetIiEaSEOS1_
FNDA:7,_ZN3s213SetIiEaSEOS1_
FN:29,_ZN3s213SetIdED2Ev
FNDA:10,_ZN3s213SetIdED2Ev
FN:29,_ZN3s213SetIiED2Ev
FNDA:43,_ZN3s213SetIiED2Ev
FN:29,_ZN3s213SetIcED2Ev
FNDA:1,_ZN3s213SetIcED2Ev
FN:31,_ZN3s213SetIiE5beginEv
FNDA:15,_ZN3s213SetIiE5beginEv
FN:32,_ZN3s213SetIiE3endEv
FNDA:11,_ZN3s213SetIiE3endEv
FN:33,_ZN3s213SetIiE5emptyEv
FNDA:3,_ZN3s213SetIiE5emptyEv
FN:35,_ZN3s213SetIdE4sizeEv
FNDA:2,_ZN3s213SetIdE4sizeEv
FN:35,_ZN3s213SetIiE4sizeEv
FNDA:36,_ZN3s213SetIiE4sizeEv
FN:44,_ZN3s213SetIiE5clearEv
FNDA:11,_ZN3s213SetIiE5clearEv
FN:89,_ZN3s213SetIdE8containsERKd
FNDA:1,_ZN3s213SetIdE8containsERKd
DA:14,10
DA:14,28
DA:14,1
DA:23,7
DA:24,7
DA:25,7
DA:27,7
DA:29,10
DA:29,43
DA:29,1
DA:31,15
DA:32,11
DA:33,3
DA:35,2
DA:36,2
DA:37,2
DA:35,36
DA:36,36
DA:37,36
DA:44,11
DA:45,11
DA:46,8
DA:47,8
DA:48,8
DA:50,11
DA:89,1
end_of_record
TN:stest
SF:/home/shinda/projects/CPP2_s21_containers-3/src/s21_containers/s21_set.h
FN:14,_ZN3s213SetIiEC2Ev
FNDA:0,_ZN3s213SetIiEC2Ev
FN:16,_ZN3s213SetIiEC2ERKSt16initializer_listIiE
FNDA:13,_ZN3s213SetIiEC2ERKSt16initializer_listIiE
FN:21,_ZN3s213SetIiEC2ERKS1_
FNDA:1,_ZN3s213SetIiEC2ERKS1_
FN:22,_ZN3s213SetIiEC2EOS1_
FNDA:1,_ZN3s213SetIiEC2EOS1_
FN:23,_ZN3s213SetIiEaSEOS1_
FNDA:0,_ZN3s213SetIiEaSEOS1_
FN:29,_ZN3s213SetIiED2Ev
FNDA:0,_ZN3s213SetIiED2Ev
FN:31,_ZN3s213SetIiE5beginEv
FNDA:0,_ZN3s213SetIiE5beginEv
FN:32,_ZN3s213SetIiE3endEv
FNDA:0,_ZN3s213SetIiE3endEv
FN:33,_ZN3s213SetIiE5emptyEv
FNDA:0,_ZN3s213SetIiE5emptyEv
FN:35,_ZN3s213SetIiE4sizeEv
FNDA:0,_ZN3s213SetIiE4sizeEv
FN:40,_ZN3s213SetIiE8max_sizeEv
FNDA:1,_ZN3s213SetIiE8max_sizeEv
FN:44,_ZN3s213SetIiE5clearEv
FNDA:0,_ZN3s213SetIiE5clearEv
FN:53,_ZN3s213SetIiE11insert_manyIJiiiEEESt6vectorISt4pairINS_8IteratorIiiEEbESaIS7_EEDpOT_
FNDA:1,_ZN3s213SetIiE11insert_manyIJiiiEEESt6vectorISt4pairINS_8IteratorIiiEEbESaIS7_EEDpOT_
FN:59,_ZN3s213SetIiE6insertERKi
FNDA:61,_ZN3s213SetIiE6insertERKi
FN:72,_ZN3s213SetIiE5eraseENS_8IteratorIiiEE
FNDA:1,_ZN3s213SetIiE5eraseENS_8IteratorIiiEE
FN:78,_ZN3s213SetIiE4swapERS1_
FNDA:1,_ZN3s213SetIiE4swapERS1_
FN:80,_ZN3s213SetIiE5mergeERS1_
FNDA:1,_ZN3s213SetIiE5mergeERS1_
FN:89,_ZN3s213SetIiE8containsERKi
FNDA:11,_ZN3s213SetIiE8containsERKi
FN:90,_ZN3s213SetIiE4findERKi
FNDA:63,_ZN3s213SetIiE4findERKi
FN:91,_ZNK3s213SetIiE8get_treeEv
FNDA:1,_ZNK3s213SetIiE8get_treeEv
DA:14,0
DA:16,13
DA:17,64
DA:18,51
DA:20,13
DA:21,1
DA:22,1
DA:23,0
DA:24,0
DA:25,0
DA:27,0
DA:29,0
DA:31,0
DA:32,0
DA:33,0
DA:35,0
DA:36,0
DA:37,0
DA:40,1
DA:41,1
DA:44,0
DA:45,0
DA:46,0
DA:47,0
DA:48,0
DA:50,0
DA:53,1
DA:54,1
DA:55,1
DA:56,1
DA:57,0
DA:59,61
DA:60,61
DA:61,61
DA:62,61
DA:63,60
DA:64,120
DA:66,1
DA:67,2
DA:69,61
DA:72,1
DA:73,1
DA:74,1
DA:76,1
DA:78,1
DA:80,1
DA:81,1
DA:82,3
DA:83,2
DA:86,1
DA:87,1
DA:89,11
DA:90,63
DA:91,1
end_of_record
SF:/home/shinda/projects/CPP2_s21_containers-3/src/s21_containers/s21_RBTree.h
FN:19,_ZN3s216BranchIicEC2ERKiRKc
FNDA:2,_ZN3s216BranchIicEC2ERKiRKc
FN:29,_ZN3s216BranchIiiEC2ERiS2_
FNDA:0,_ZN3s216BranchIiiEC2ERiS2_
FN:29,_ZN3s216BranchINSt7__cxx1112basic_stringIcSt11char_traitsIcESaIcEEES6_EC2ERS6_S8_
FNDA:40,_ZN3s216BranchINSt7__cxx1112basic_stringIcSt11char_traitsIcESaIcEEES6_EC2ERS6_S8_
FN:29,_ZN3s216BranchIiNSt7__cxx1112basic_stringIcSt11char_traitsIcESaIcEEEEC2ERiRS6_
FNDA:55,_ZN3s216BranchIiNSt7__cxx1112basic_stringIcSt11char_traitsIcESaIcEEEEC2ERiRS6_
FN:29,_ZN3s216BranchIffEC2ERfS2_
FNDA:3,_ZN3s216BranchIffEC2ERfS2_
FN:29,_ZN3s216BranchINSt7__cxx1112basic_stringIcSt11char_traitsIcESaIcEEEiEC2ERS6_Ri
FNDA:3,_ZN3s216BranchINSt7__cxx1112basic_stringIcSt11char_traitsIcESaIcEEEiEC2ERS6_Ri
FN:29,_ZN3s216BranchIciEC2ERcRi
FNDA:6,_ZN3s216BranchIciEC2ERcRi
FN:41,_ZN3s216BranchIiNSt7__cxx1112basic_stringIcSt11char_traitsIcESaIcEEEED2Ev
FNDA:55,_ZN3s216BranchIiNSt7__cxx1112basic_stringIcSt11char_traitsIcESaIcEEEED2Ev
FN:41,_ZN3s216BranchINSt7__cxx1112basic_stringIcSt11char_traitsIcESaIcEEEiED2Ev
FNDA:3,_ZN3s216BranchINSt7__cxx1112basic_stringIcSt11char_traitsIcESaIcEEEiED2Ev
FN:41,_ZN3s216BranchINSt7__cxx1112basic_stringIcSt11char_traitsIcESaIcEEES6_ED2Ev
FNDA:40,_ZN3s216BranchINSt7__cxx1112basic_stringIcSt11char_traitsIcESaIcEEES6_ED2Ev
FN:52,_ZN3s218IteratorINSt7__cxx1112basic_stringIcSt11char_traitsIcESaIcEEEiEC2EPNS_6BranchIS6_iEESA_
FNDA:4,_ZN3s218IteratorINSt7__cxx1112basic_stringIcSt11char_traitsIcESaIcEEEiEC2EPNS_6BranchIS6_iEESA_
FN:52,_ZN3s218IteratorIffEC2EPNS_6BranchIffEES4_
FNDA:4,_ZN3s218IteratorIffEC2EPNS_6BranchIffEES4_
FN:52,_ZN3s218IteratorIciEC2EPNS_6BranchIciEES4_
FNDA:6,_ZN3s218IteratorIciEC2EPNS_6BranchIciEES4_
FN:52,_ZN3s218IteratorIiiEC2EPNS_6BranchIiiEES4_
FNDA:0,_ZN3s218IteratorIiiEC2EPNS_6BranchIiiEES4_
FN:52,_ZN3s218IteratorIiNSt7__cxx1112basic_stringIcSt11char_traitsIcESaIcEEEEC2EPNS_6BranchIiS6_EESA_
FNDA:81,_ZN3s218IteratorIiNSt7__cxx1112basic_stringIcSt11char_traitsIcESaIcEEEEC2EPNS_6BranchIiS6_EESA_
FN:52,_ZN3s218IteratorINSt7__cxx1112basic_stringIcSt11char_traitsIcESaIcEEES6_EC2EPNS_6BranchIS6_S6_EESA_
FNDA:47,_ZN3s218IteratorINSt7__cxx1112basic_stringIcSt11char_traitsIcESaIcEEES6_EC2EPNS_6BranchIS6_S6_EESA_
FN:60,_ZN3s218IteratorIiiEplEm
FNDA:1,_ZN3s218IteratorIiiEplEm
FN:68,_ZN3s218IteratorIiNSt7__cxx1112basic_stringIcSt11char_traitsIcESaIcEEEEppEv
FNDA:12,_ZN3s218IteratorIiNSt7__cxx1112basic_stringIcSt11char_traitsIcESaIcEEEEppEv
FN:68,_ZN3s218IteratorINSt7__cxx1112basic_stringIcSt11char_traitsIcESaIcEEES6_EppEv
FNDA:1,_ZN3s218IteratorINSt7__cxx1112basic_stringIcSt11char_traitsIcESaIcEEES6_EppEv
FN:68,_ZN3s218IteratorIiiEppEv
FNDA:0,_ZN3s218IteratorIiiEppEv
FN:87,_ZN3s218IteratorIiiEppEi
FNDA:0,_ZN3s218IteratorIiiEppEi
FN:87,_ZN3s218IteratorIiNSt7__cxx1112basic_stringIcSt11char_traitsIcESaIcEEEEppEi
FNDA:12,_ZN3s218IteratorIiNSt7__cxx1112basic_stringIcSt11char_traitsIcESaIcEEEEppEi
FN:101,_ZN3s218IteratorIiiEmmEv
FNDA:7,_ZN3s218IteratorIiiEmmEv
FN:102,_ZN3s218IteratorIiiEmmEi
FNDA:4,_ZN3s218IteratorIiiEmmEi
FN:107,_ZNK3s218IteratorIiiEeqERKS1_
FNDA:9,_ZNK3s218IteratorIiiEeqERKS1_
FN:107,_ZNK3s218IteratorIiNSt7__cxx1112basic_stringIcSt11char_traitsIcESaIcEEEEeqERKS7_
FNDA:2,_ZNK3s218IteratorIiNSt7__cxx1112basic_stringIcSt11char_traitsIcESaIcEEEEeqERKS7_
FN:108,_ZNK3s218IteratorIiiEneERKS1_
FNDA:0,_ZNK3s218IteratorIiiEneERKS1_
FN:108,_ZNK3s218IteratorINSt7__cxx1112basic_stringIcSt11char_traitsIcESaIcEEES6_EneERKS7_
FNDA:1,_ZNK3s218IteratorINSt7__cxx1112basic_stringIcSt11char_traitsIcESaIcEEES6_EneERKS7_
FN:108,_ZNK3s218IteratorIiNSt7__cxx1112basic_stringIcSt11char_traitsIcESaIcEEEEneERKS7_
FNDA:14,_ZNK3s218IteratorIiNSt7__cxx1112basic_stringIcSt11char_traitsIcESaIcEEEEneERKS7_
FN:110,_ZNK3s218IteratorIiiEdeEv
FNDA:0,_ZNK3s218IteratorIiiEdeEv
FN:117,_ZNK3s218IteratorIffEptEv
FNDA:1,_ZNK3s218IteratorIffEptEv
FN:117,_ZNK3s218IteratorINSt7__cxx1112basic_stringIcSt11char_traitsIcESaIcEEES6_EptEv
FNDA:7,_ZNK3s218IteratorINSt7__cxx1112basic_stringIcSt11char_traitsIcESaIcEEES6_EptEv
FN:117,_ZNK3s218IteratorIiNSt7__cxx1112basic_stringIcSt11char_traitsIcESaIcEEEEptEv
FNDA:1,_ZNK3s218IteratorIiNSt7__cxx1112basic_stringIcSt11char_traitsIcESaIcEEEEptEv
FN:117,_ZNK3s218IteratorIiiEptEv
FNDA:15,_ZNK3s218IteratorIiiEptEv
FN:117,_ZNK3s218IteratorINSt7__cxx1112basic_stringIcSt11char_traitsIcESaIcEEEiEptEv
FNDA:1,_ZNK3s218IteratorINSt7__cxx1112basic_stringIcSt11char_traitsIcESaIcEEEiEptEv
FN:119,_ZN3s218IteratorIiiE15MaximumKey_iterEPNS_6BranchIiiEE
FNDA:1,_ZN3s218IteratorIiiE15MaximumKey_iterEPNS_6BranchIiiEE
FN:128,_ZN3s218IteratorIiNSt7__cxx1112basic_stringIcSt11char_traitsIcESaIcEEEE10GetCurrentEv
FNDA:26,_ZN3s218IteratorIiNSt7__cxx1112basic_stringIcSt11char_traitsIcESaIcEEEE10GetCurrentEv
FN:128,_ZN3s218IteratorINSt7__cxx1112basic_stringIcSt11char_traitsIcESaIcEEES6_E10GetCurrentEv
FNDA:1,_ZN3s218IteratorINSt7__cxx1112basic_stringIcSt11char_traitsIcESaIcEEES6_E10GetCurrentEv
FN:128,_ZN3s218IteratorIiiE10GetCurrentEv
FNDA:0,_ZN3s218IteratorIiiE10GetCurrentEv
FN:130,_ZN3s218IteratorIiiE14OperatorHelperEv
FNDA:7,_ZN3s218IteratorIiiE14OperatorHelperEv
FN:149,_ZNK3s218IteratorIiiE11GetRootIterEv
FNDA:1,_ZNK3s218IteratorIiiE11GetRootIterEv
FN:170,_ZN3s216RBTreeINSt7__cxx1112basic_stringIcSt11char_traitsIcESaIcEEES6_EC2Ev
FNDA:14,_ZN3s216RBTreeINSt7__cxx1112basic_stringIcSt11char_traitsIcESaIcEEES6_EC2Ev
FN:170,_ZN3s216RBTreeIciEC2Ev
FNDA:2,_ZN3s216RBTreeIciEC2Ev
FN:170,_ZN3s216RBTreeIiiEC2Ev
FNDA:0,_ZN3s216RBTreeIiiEC2Ev
FN:170,_ZN3s216RBTreeINSt7__cxx1112basic_stringIcSt11char_traitsIcESaIcEEEiEC2Ev
FNDA:1,_ZN3s216RBTreeINSt7__cxx1112basic_stringIcSt11char_traitsIcESaIcEEEiEC2Ev
FN:170,_ZN3s216RBTreeIiNSt7__cxx1112basic_stringIcSt11char_traitsIcESaIcEEEEC2Ev
FNDA:23,_ZN3s216RBTreeIiNSt7__cxx1112basic_stringIcSt11char_traitsIcESaIcEEEEC2Ev
FN:170,_ZN3s216RBTreeIffEC2Ev
FNDA:1,_ZN3s216RBTreeIffEC2Ev
FN:171,_ZN3s216RBTreeIiiEC2ERKS1_
FNDA:5,_ZN3s216RBTreeIiiEC2ERKS1_
FN:173,_ZN3s216RBTreeIciED2Ev
FNDA:2,_ZN3s216RBTreeIciED2Ev
FN:173,_ZN3s216RBTreeIiiED2Ev
FNDA:0,_ZN3s216RBTreeIiiED2Ev
FN:173,_ZN3s216RBTreeIiNSt7__cxx1112basic_stringIcSt11char_traitsIcESaIcEEEED2Ev
FNDA:23,_ZN3s216RBTreeIiNSt7__cxx1112basic_stringIcSt11char_traitsIcESaIcEEEED2Ev
FN:173,_ZN3s216RBTreeINSt7__cxx1112basic_stringIcSt11char_traitsIcESaIcEEES6_ED2Ev
FNDA:14,_ZN3s216RBTreeINSt7__cxx1112basic_stringIcSt11char_traitsIcESaIcEEES6_ED2Ev
FN:173,_ZN3s216RBTreeINSt7__cxx1112basic_stringIcSt11char_traitsIcESaIcEEEiED2Ev
FNDA:1,_ZN3s216RBTreeINSt7__cxx1112basic_stringIcSt11char_traitsIcESaIcEEEiED2Ev
FN:173,_ZN3s216RBTreeIffED2Ev
FNDA:1,_ZN3s216RBTreeIffED2Ev
FN:179,_ZN3s216RBTreeIiiEaSEOS1_
FNDA:0,_ZN3s216RBTreeIiiEaSEOS1_
FN:188,_ZN3s216RBTreeIiiEaSERKS1_
FNDA:0,_ZN3s216RBTreeIiiEaSERKS1_
FN:196,_ZN3s216RBTreeINSt7__cxx1112basic_stringIcSt11char_traitsIcESaIcEEES6_E6InsertES6_S6_
FNDA:42,_ZN3s216RBTreeINSt7__cxx1112basic_stringIcSt11char_traitsIcESaIcEEES6_E6InsertES6_S6_
FN:196,_ZN3s216RBTreeIiNSt7__cxx1112basic_stringIcSt11char_traitsIcESaIcEEEE6InsertEiS6_
FNDA:55,_ZN3s216RBTreeIiNSt7__cxx1112basic_stringIcSt11char_traitsIcESaIcEEEE6InsertEiS6_
FN:196,_ZN3s216RBTreeIiiE6InsertEii
FNDA:0,_ZN3s216RBTreeIiiE6InsertEii
FN:196,_ZN3s216RBTreeINSt7__cxx1112basic_stringIcSt11char_traitsIcESaIcEEEiE6InsertES6_i
FNDA:3,_ZN3s216RBTreeINSt7__cxx1112basic_stringIcSt11char_traitsIcESaIcEEEiE6InsertES6_i
FN:196,_ZN3s216RBTreeIciE6InsertEci
FNDA:6,_ZN3s216RBTreeIciE6InsertEci
FN:196,_ZN3s216RBTreeIffE6InsertEff
FNDA:3,_ZN3s216RBTreeIffE6InsertEff
FN:202,_ZNK3s216RBTreeINSt7__cxx1112basic_stringIcSt11char_traitsIcESaIcEEEiE7GetRootEv
FNDA:3,_ZNK3s216RBTreeINSt7__cxx1112basic_stringIcSt11char_traitsIcESaIcEEEiE7GetRootEv
FN:202,_ZNK3s216RBTreeIciE7GetRootEv
FNDA:2,_ZNK3s216RBTreeIciE7GetRootEv
FN:202,_ZNK3s216RBTreeIiNSt7__cxx1112basic_stringIcSt11char_traitsIcESaIcEEEE7GetRootEv
FNDA:52,_ZNK3s216RBTreeIiNSt7__cxx1112basic_stringIcSt11char_traitsIcESaIcEEEE7GetRootEv
FN:202,_ZNK3s216RBTreeIffE7GetRootEv
FNDA:3,_ZNK3s216RBTreeIffE7GetRootEv
FN:202,_ZNK3s216RBTreeINSt7__cxx1112basic_stringIcSt11char_traitsIcESaIcEEES6_E7GetRootEv
FNDA:20,_ZNK3s216RBTreeINSt7__cxx1112basic_stringIcSt11char_traitsIcESaIcEEES6_E7GetRootEv
FN:202,_ZNK3s216RBTreeIiiE7GetRootEv
FNDA:0,_ZNK3s216RBTreeIiiE7GetRootEv
FN:204,_ZN3s216RBTreeIiNSt7__cxx1112basic_stringIcSt11char_traitsIcESaIcEEEE4SwapERS7_
FNDA:4,_ZN3s216RBTreeIiNSt7__cxx1112basic_stringIcSt11char_traitsIcESaIcEEEE4SwapERS7_
FN:204,_ZN3s216RBTreeIiiE4SwapERS1_
FNDA:2,_ZN3s216RBTreeIiiE4SwapERS1_
FN:206,_ZN3s216RBTreeIffE5ClearEPNS_6BranchIffEE
FNDA:7,_ZN3s216RBTreeIffE5ClearEPNS_6BranchIffEE
FN:206,_ZN3s216RBTreeINSt7__cxx1112basic_stringIcSt11char_traitsIcESaIcEEEiE5ClearEPNS_6BranchIS6_iEE
FNDA:7,_ZN3s216RBTreeINSt7__cxx1112basic_stringIcSt11char_traitsIcESaIcEEEiE5ClearEPNS_6BranchIS6_iEE
FN:206,_ZN3s216RBTreeIiiE5ClearEPNS_6BranchIiiEE
FNDA:0,_ZN3s216RBTreeIiiE5ClearEPNS_6BranchIiiEE
FN:206,_ZN3s216RBTreeINSt7__cxx1112basic_stringIcSt11char_traitsIcESaIcEEES6_E5ClearEPNS_6BranchIS6_S6_EE
FNDA:92,_ZN3s216RBTreeINSt7__cxx1112basic_stringIcSt11char_traitsIcESaIcEEES6_E5ClearEPNS_6BranchIS6_S6_EE
FN:206,_ZN3s216RBTreeIiNSt7__cxx1112basic_stringIcSt11char_traitsIcESaIcEEEE5ClearEPNS_6BranchIiS6_EE
FNDA:129,_ZN3s216RBTreeIiNSt7__cxx1112basic_stringIcSt11char_traitsIcESaIcEEEE5ClearEPNS_6BranchIiS6_EE
FN:206,_ZN3s216RBTreeIciE5ClearEPNS_6BranchIciEE
FNDA:14,_ZN3s216RBTreeIciE5ClearEPNS_6BranchIciEE
FN:215,_ZN3s216RBTreeIiiE11GetInsertedEv
FNDA:62,_ZN3s216RBTreeIiiE11GetInsertedEv
FN:216,_ZN3s216RBTreeIiiE10MaximumKeyEPNS_6BranchIiiEE
FNDA:2,_ZN3s216RBTreeIiiE10MaximumKeyEPNS_6BranchIiiEE
FN:224,_ZN3s216RBTreeINSt7__cxx1112basic_stringIcSt11char_traitsIcESaIcEEEiE6GetMinEv
FNDA:1,_ZN3s216RBTreeINSt7__cxx1112basic_stringIcSt11char_traitsIcESaIcEEEiE6GetMinEv
FN:224,_ZN3s216RBTreeIiiE6GetMinEv
FNDA:0,_ZN3s216RBTreeIiiE6GetMinEv
FN:224,_ZN3s216RBTreeIiNSt7__cxx1112basic_stringIcSt11char_traitsIcESaIcEEEE6GetMinEv
FNDA:9,_ZN3s216RBTreeIiNSt7__cxx1112basic_stringIcSt11char_traitsIcESaIcEEEE6GetMinEv
FN:224,_ZN3s216RBTreeIffE6GetMinEv
FNDA:1,_ZN3s216RBTreeIffE6GetMinEv
FN:224,_ZN3s216RBTreeINSt7__cxx1112basic_stringIcSt11char_traitsIcESaIcEEES6_E6GetMinEv
FNDA:1,_ZN3s216RBTreeINSt7__cxx1112basic_stringIcSt11char_traitsIcESaIcEEES6_E6GetMinEv
FN:225,_ZN3s216RBTreeIiiE6GetMaxEv
FNDA:0,_ZN3s216RBTreeIiiE6GetMaxEv
FN:233,_ZN3s216RBTreeINSt7__cxx1112basic_stringIcSt11char_traitsIcESaIcEEEiE5beginEv
FNDA:1,_ZN3s216RBTreeINSt7__cxx1112basic_stringIcSt11char_traitsIcESaIcEEEiE5beginEv
FN:233,_ZN3s216RBTreeIiiE5beginEv
FNDA:0,_ZN3s216RBTreeIiiE5beginEv
FN:233,_ZN3s216RBTreeIffE5beginEv
FNDA:1,_ZN3s216RBTreeIffE5beginEv
FN:233,_ZN3s216RBTreeINSt7__cxx1112basic_stringIcSt11char_traitsIcESaIcEEES6_E5beginEv
FNDA:1,_ZN3s216RBTreeINSt7__cxx1112basic_stringIcSt11char_traitsIcESaIcEEES6_E5beginEv
FN:233,_ZN3s216RBTreeIiNSt7__cxx1112basic_stringIcSt11char_traitsIcESaIcEEEE5beginEv
FNDA:9,_ZN3s216RBTreeIiNSt7__cxx1112basic_stringIcSt11char_traitsIcESaIcEEEE5beginEv
FN:240,_ZN3s216RBTreeIiiE3endEv
FNDA:0,_ZN3s216RBTreeIiiE3endEv
FN:247,_ZNK3s216RBTreeINSt7__cxx1112basic_stringIcSt11char_traitsIcESaIcEEES6_E7IsEmptyEv
FNDA:3,_ZNK3s216RBTreeINSt7__cxx1112basic_stringIcSt11char_traitsIcESaIcEEES6_E7IsEmptyEv
FN:247,_ZNK3s216RBTreeIiNSt7__cxx1112basic_stringIcSt11char_traitsIcESaIcEEEE7IsEmptyEv
FNDA:5,_ZNK3s216RBTreeIiNSt7__cxx1112basic_stringIcSt11char_traitsIcESaIcEEEE7IsEmptyEv
FN:247,_ZNK3s216RBTreeIiiE7IsEmptyEv
FNDA:0,_ZNK3s216RBTreeIiiE7IsEmptyEv
FN:248,_ZN3s216RBTreeIiNSt7__cxx1112basic_stringIcSt11char_traitsIcESaIcEEEE7SetRootEPNS_6BranchIiS6_EE
FNDA:4,_ZN3s216RBTreeIiNSt7__cxx1112basic_stringIcSt11char_traitsIcESaIcEEEE7SetRootEPNS_6BranchIiS6_EE
FN:248,_ZN3s216RBTreeIiiE7SetRootEPNS_6BranchIiiEE
FNDA:0,_ZN3s216RBTreeIiiE7SetRootEPNS_6BranchIiiEE
FN:250,_ZN3s216RBTreeIiiE11Remove_nodeEPNS_6BranchIiiEEi
FNDA:8,_ZN3s216RBTreeIiiE11Remove_nodeEPNS_6BranchIiiEEi
FN:250,_ZN3s216RBTreeINSt7__cxx1112basic_stringIcSt11char_traitsIcESaIcEEES6_E11Remove_nodeEPNS_6BranchIS6_S6_EES6_
FNDA:1,_ZN3s216RBTreeINSt7__cxx1112basic_stringIcSt11char_traitsIcESaIcEEES6_E11Remove_nodeEPNS_6BranchIS6_S6_EES6_
FN:255,_ZN3s216RBTreeINSt7__cxx1112basic_stringIcSt11char_traitsIcESaIcEEES6_E6SearchES6_
FNDA:16,_ZN3s216RBTreeINSt7__cxx1112basic_stringIcSt11char_traitsIcESaIcEEES6_E6SearchES6_
FN:255,_ZN3s216RBTreeIiNSt7__cxx1112basic_stringIcSt11char_traitsIcESaIcEEEE6SearchEi
FNDA:17,_ZN3s216RBTreeIiNSt7__cxx1112basic_stringIcSt11char_traitsIcESaIcEEEE6SearchEi
FN:255,_ZN3s216RBTreeIiiE6SearchEi
FNDA:82,_ZN3s216RBTreeIiiE6SearchEi
FN:255,_ZN3s216RBTreeIciE6SearchEc
FNDA:2,_ZN3s216RBTreeIciE6SearchEc
FN:264,_ZN3s216RBTreeIiiE13GetSizeFriendEv
FNDA:8,_ZN3s216RBTreeIiiE13GetSizeFriendEv
FN:264,_ZN3s216RBTreeIiNSt7__cxx1112basic_stringIcSt11char_traitsIcESaIcEEEE13GetSizeFriendEv
FNDA:7,_ZN3s216RBTreeIiNSt7__cxx1112basic_stringIcSt11char_traitsIcESaIcEEEE13GetSizeFriendEv
FN:272,_ZN3s216RBTreeIiiE7GetSizeEPNS_6BranchIiiEE
FNDA:0,_ZN3s216RBTreeIiiE7GetSizeEPNS_6BranchIiiEE
FN:272,_ZN3s216RBTreeINSt7__cxx1112basic_stringIcSt11char_traitsIcESaIcEEEiE7GetSizeEPNS_6BranchIS6_iEE
FNDA:26,_ZN3s216RBTreeINSt7__cxx1112basic_stringIcSt11char_traitsIcESaIcEEEiE7GetSizeEPNS_6BranchIS6_iEE
FN:272,_ZN3s216RBTreeINSt7__cxx1112basic_stringIcSt11char_traitsIcESaIcEEES6_E7GetSizeEPNS_6BranchIS6_S6_EE
FNDA:344,_ZN3s216RBTreeINSt7__cxx1112basic_stringIcSt11char_traitsIcESaIcEEES6_E7GetSizeEPNS_6BranchIS6_S6_EE
FN:272,_ZN3s216RBTreeIffE7GetSizeEPNS_6BranchIffEE
FNDA:16,_ZN3s216RBTreeIffE7GetSizeEPNS_6BranchIffEE
FN:272,_ZN3s216RBTreeIciE7GetSizeEPNS_6BranchIciEE
FNDA:52,_ZN3s216RBTreeIciE7GetSizeEPNS_6BranchIciEE
FN:272,_ZN3s216RBTreeIiNSt7__cxx1112basic_stringIcSt11char_traitsIcESaIcEEEE7GetSizeEPNS_6BranchIiS6_EE
FNDA:513,_ZN3s216RBTreeIiNSt7__cxx1112basic_stringIcSt11char_traitsIcESaIcEEEE7GetSizeEPNS_6BranchIiS6_EE
FN:279,_ZN3s216RBTreeIiiE9GetHeightEPNS_6BranchIiiEE
FNDA:0,_ZN3s216RBTreeIiiE9GetHeightEPNS_6BranchIiiEE
FN:279,_ZN3s216RBTreeIiNSt7__cxx1112basic_stringIcSt11char_traitsIcESaIcEEEE9GetHeightEPNS_6BranchIiS6_EE
FNDA:998,_ZN3s216RBTreeIiNSt7__cxx1112basic_stringIcSt11char_traitsIcESaIcEEEE9GetHeightEPNS_6BranchIiS6_EE
FN:279,_ZN3s216RBTreeIffE9GetHeightEPNS_6BranchIffEE
FNDA:40,_ZN3s216RBTreeIffE9GetHeightEPNS_6BranchIffEE
FN:279,_ZN3s216RBTreeIciE9GetHeightEPNS_6BranchIciEE
FNDA:108,_ZN3s216RBTreeIciE9GetHeightEPNS_6BranchIciEE
FN:279,_ZN3s216RBTreeINSt7__cxx1112basic_stringIcSt11char_traitsIcESaIcEEES6_E9GetHeightEPNS_6BranchIS6_S6_EE
FNDA:730,_ZN3s216RBTreeINSt7__cxx1112basic_stringIcSt11char_traitsIcESaIcEEES6_E9GetHeightEPNS_6BranchIS6_S6_EE
FN:279,_ZN3s216RBTreeINSt7__cxx1112basic_stringIcSt11char_traitsIcESaIcEEEiE9GetHeightEPNS_6BranchIS6_iEE
FNDA:54,_ZN3s216RBTreeINSt7__cxx1112basic_stringIcSt11char_traitsIcESaIcEEEiE9GetHeightEPNS_6BranchIS6_iEE
FN:286,_ZN3s216RBTreeIiiE10UpdateSizeEPNS_6BranchIiiEE
FNDA:0,_ZN3s216RBTreeIiiE10UpdateSizeEPNS_6BranchIiiEE
FN:286,_ZN3s216RBTreeIffE10UpdateSizeEPNS_6BranchIffEE
FNDA:21,_ZN3s216RBTreeIffE10UpdateSizeEPNS_6BranchIffEE
FN:286,_ZN3s216RBTreeINSt7__cxx1112basic_stringIcSt11char_traitsIcESaIcEEEiE10UpdateSizeEPNS_6BranchIS6_iEE
FNDA:33,_ZN3s216RBTreeINSt7__cxx1112basic_stringIcSt11char_traitsIcESaIcEEEiE10UpdateSizeEPNS_6BranchIS6_iEE
FN:286,_ZN3s216RBTreeIiNSt7__cxx1112basic_stringIcSt11char_traitsIcESaIcEEEE10UpdateSizeEPNS_6BranchIiS6_EE
FNDA:634,_ZN3s216RBTreeIiNSt7__cxx1112basic_stringIcSt11char_traitsIcESaIcEEEE10UpdateSizeEPNS_6BranchIiS6_EE
FN:286,_ZN3s216RBTreeINSt7__cxx1112basic_stringIcSt11char_traitsIcESaIcEEES6_E10UpdateSizeEPNS_6BranchIS6_S6_EE
FNDA:437,_ZN3s216RBTreeINSt7__cxx1112basic_stringIcSt11char_traitsIcESaIcEEES6_E10UpdateSizeEPNS_6BranchIS6_S6_EE
FN:286,_ZN3s216RBTreeIciE10UpdateSizeEPNS_6BranchIciEE
FNDA:66,_ZN3s216RBTreeIciE10UpdateSizeEPNS_6BranchIciEE
FN:294,_ZN3s216RBTreeINSt7__cxx1112basic_stringIcSt11char_traitsIcESaIcEEEiE13BalanceFactorEPNS_6BranchIS6_iEE
FNDA:13,_ZN3s216RBTreeINSt7__cxx1112basic_stringIcSt11char_traitsIcESaIcEEEiE13BalanceFactorEPNS_6BranchIS6_iEE
FN:294,_ZN3s216RBTreeIiNSt7__cxx1112basic_stringIcSt11char_traitsIcESaIcEEEE13BalanceFactorEPNS_6BranchIiS6_EE
FNDA:243,_ZN3s216RBTreeIiNSt7__cxx1112basic_stringIcSt11char_traitsIcESaIcEEEE13BalanceFactorEPNS_6BranchIiS6_EE
FN:294,_ZN3s216RBTreeIciE13BalanceFactorEPNS_6BranchIciEE
FNDA:26,_ZN3s216RBTreeIciE13BalanceFactorEPNS_6BranchIciEE
FN:294,_ZN3s216RBTreeINSt7__cxx1112basic_stringIcSt11char_traitsIcESaIcEEES6_E13BalanceFactorEPNS_6BranchIS6_S6_EE
FNDA:179,_ZN3s216RBTreeINSt7__cxx1112basic_stringIcSt11char_traitsIcESaIcEEES6_E13BalanceFactorEPNS_6BranchIS6_S6_EE
FN:294,_ZN3s216RBTreeIffE13BalanceFactorEPNS_6BranchIffEE
FNDA:10,_ZN3s216RBTreeIffE13BalanceFactorEPNS_6BranchIffEE
FN:294,_ZN3s216RBTreeIiiE13BalanceFactorEPNS_6BranchIiiEE
FNDA:0,_ZN3s216RBTreeIiiE13BalanceFactorEPNS_6BranchIiiEE
FN:299,_ZN3s216RBTreeIffE12UpdateHeightEPNS_6BranchIffEE
FNDA:10,_ZN3s216RBTreeIffE12UpdateHeightEPNS_6BranchIffEE
FN:299,_ZN3s216RBTreeINSt7__cxx1112basic_stringIcSt11char_traitsIcESaIcEEES6_E12UpdateHeightEPNS_6BranchIS6_S6_EE
FNDA:186,_ZN3s216RBTreeINSt7__cxx1112basic_stringIcSt11char_traitsIcESaIcEEES6_E12UpdateHeightEPNS_6BranchIS6_S6_EE
FN:299,_ZN3s216RBTreeINSt7__cxx1112basic_stringIcSt11char_traitsIcESaIcEEEiE12UpdateHeightEPNS_6BranchIS6_iEE
FNDA:14,_ZN3s216RBTreeINSt7__cxx1112basic_stringIcSt11char_traitsIcESaIcEEEiE12UpdateHeightEPNS_6BranchIS6_iEE
FN:299,_ZN3s216RBTreeIciE12UpdateHeightEPNS_6BranchIciEE
FNDA:28,_ZN3s216RBTreeIciE12UpdateHeightEPNS_6BranchIciEE
FN:299,_ZN3s216RBTreeIiiE12UpdateHeightEPNS_6BranchIiiEE
FNDA:0,_ZN3s216RBTreeIiiE12UpdateHeightEPNS_6BranchIiiEE
FN:299,_ZN3s216RBTreeIiNSt7__cxx1112basic_stringIcSt11char_traitsIcESaIcEEEE12UpdateHeightEPNS_6BranchIiS6_EE
FNDA:256,_ZN3s216RBTreeIiNSt7__cxx1112basic_stringIcSt11char_traitsIcESaIcEEEE12UpdateHeightEPNS_6BranchIiS6_EE
FN:305,_ZN3s216RBTreeIiNSt7__cxx1112basic_stringIcSt11char_traitsIcESaIcEEEE7BalanceEPNS_6BranchIiS6_EE
FNDA:115,_ZN3s216RBTreeIiNSt7__cxx1112basic_stringIcSt11char_traitsIcESaIcEEEE7BalanceEPNS_6BranchIiS6_EE
FN:305,_ZN3s216RBTreeIciE7BalanceEPNS_6BranchIciEE
FNDA:12,_ZN3s216RBTreeIciE7BalanceEPNS_6BranchIciEE
FN:305,_ZN3s216RBTreeIiiE7BalanceEPNS_6BranchIiiEE
FNDA:0,_ZN3s216RBTreeIiiE7BalanceEPNS_6BranchIiiEE
FN:305,_ZN3s216RBTreeIffE7BalanceEPNS_6BranchIffEE
FNDA:5,_ZN3s216RBTreeIffE7BalanceEPNS_6BranchIffEE
FN:305,_ZN3s216RBTreeINSt7__cxx1112basic_stringIcSt11char_traitsIcESaIcEEES6_E7BalanceEPNS_6BranchIS6_S6_EE
FNDA:86,_ZN3s216RBTreeINSt7__cxx1112basic_stringIcSt11char_traitsIcESaIcEEES6_E7BalanceEPNS_6BranchIS6_S6_EE
FN:305,_ZN3s216RBTreeINSt7__cxx1112basic_stringIcSt11char_traitsIcESaIcEEEiE7BalanceEPNS_6BranchIS6_iEE
FNDA:6,_ZN3s216RBTreeINSt7__cxx1112basic_stringIcSt11char_traitsIcESaIcEEEiE7BalanceEPNS_6BranchIS6_iEE
FN:330,_ZN3s216RBTreeINSt7__cxx1112basic_stringIcSt11char_traitsIcESaIcEEEiE10RotateLeftEPNS_6BranchIS6_iEE
FNDA:1,_ZN3s216RBTreeINSt7__cxx1112basic_stringIcSt11char_traitsIcESaIcEEEiE10RotateLeftEPNS_6BranchIS6_iEE
FN:330,_ZN3s216RBTreeIiiE10RotateLeftEPNS_6BranchIiiEE
FNDA:0,_ZN3s216RBTreeIiiE10RotateLeftEPNS_6BranchIiiEE
FN:330,_ZN3s216RBTreeIffE10RotateLeftEPNS_6BranchIffEE
FNDA:0,_ZN3s216RBTreeIffE10RotateLeftEPNS_6BranchIffEE
FN:330,_ZN3s216RBTreeIciE10RotateLeftEPNS_6BranchIciEE
FNDA:2,_ZN3s216RBTreeIciE10RotateLeftEPNS_6BranchIciEE
FN:330,_ZN3s216RBTreeINSt7__cxx1112basic_stringIcSt11char_traitsIcESaIcEEES6_E10RotateLeftEPNS_6BranchIS6_S6_EE
FNDA:7,_ZN3s216RBTreeINSt7__cxx1112basic_stringIcSt11char_traitsIcESaIcEEES6_E10RotateLeftEPNS_6BranchIS6_S6_EE
FN:330,_ZN3s216RBTreeIiNSt7__cxx1112basic_stringIcSt11char_traitsIcESaIcEEEE10RotateLeftEPNS_6BranchIiS6_EE
FNDA:13,_ZN3s216RBTreeIiNSt7__cxx1112basic_stringIcSt11char_traitsIcESaIcEEEE10RotateLeftEPNS_6BranchIiS6_EE
FN:344,_ZN3s216RBTreeINSt7__cxx1112basic_stringIcSt11char_traitsIcESaIcEEEiE11RotateRightEPNS_6BranchIS6_iEE
FNDA:0,_ZN3s216RBTreeINSt7__cxx1112basic_stringIcSt11char_traitsIcESaIcEEEiE11RotateRightEPNS_6BranchIS6_iEE
FN:344,_ZN3s216RBTreeIciE11RotateRightEPNS_6BranchIciEE
FNDA:0,_ZN3s216RBTreeIciE11RotateRightEPNS_6BranchIciEE
FN:344,_ZN3s216RBTreeIiNSt7__cxx1112basic_stringIcSt11char_traitsIcESaIcEEEE11RotateRightEPNS_6BranchIiS6_EE
FNDA:0,_ZN3s216RBTreeIiNSt7__cxx1112basic_stringIcSt11char_traitsIcESaIcEEEE11RotateRightEPNS_6BranchIiS6_EE
FN:344,_ZN3s216RBTreeINSt7__cxx1112basic_stringIcSt11char_traitsIcESaIcEEES6_E11RotateRightEPNS_6BranchIS6_S6_EE
FNDA:0,_ZN3s216RBTreeINSt7__cxx1112basic_stringIcSt11char_traitsIcESaIcEEES6_E11RotateRightEPNS_6BranchIS6_S6_EE
FN:344,_ZN3s216RBTreeIffE11RotateRightEPNS_6BranchIffEE
FNDA:0,_ZN3s216RBTreeIffE11RotateRightEPNS_6BranchIffEE
FN:344,_ZN3s216RBTreeIiiE11RotateRightEPNS_6BranchIiiEE
FNDA:0,_ZN3s216RBTreeIiiE11RotateRightEPNS_6BranchIiiEE
FN:364,_ZN3s216RBTreeIiiE8CopyTreeEPNS_6BranchIiiEE
FNDA:0,_ZN3s216RBTreeIiiE8CopyTreeEPNS_6BranchIiiEE
FN:376,_ZN3s216RBTreeIiNSt7__cxx1112basic_stringIcSt11char_traitsIcESaIcEEEE7FindMinEPNS_6BranchIiS6_EE
FNDA:14,_ZN3s216RBTreeIiNSt7__cxx1112basic_stringIcSt11char_traitsIcESaIcEEEE7FindMinEPNS_6BranchIiS6_EE
FN:376,_ZN3s216RBTreeIiiE7FindMinEPNS_6BranchIiiEE
FNDA:0,_ZN3s216RBTreeIiiE7FindMinEPNS_6BranchIiiEE
FN:376,_ZN3s216RBTreeIffE7FindMinEPNS_6BranchIffEE
FNDA:2,_ZN3s216RBTreeIffE7FindMinEPNS_6BranchIffEE
FN:376,_ZN3s216RBTreeINSt7__cxx1112basic_stringIcSt11char_traitsIcESaIcEEEiE7FindMinEPNS_6BranchIS6_iEE
FNDA:2,_ZN3s216RBTreeINSt7__cxx1112basic_stringIcSt11char_traitsIcESaIcEEEiE7FindMinEPNS_6BranchIS6_iEE
FN:376,_ZN3s216RBTreeINSt7__cxx1112basic_stringIcSt11char_traitsIcESaIcEEES6_E7FindMinEPNS_6BranchIS6_S6_EE
FNDA:2,_ZN3s216RBTreeINSt7__cxx1112basic_stringIcSt11char_traitsIcESaIcEEES6_E7FindMinEPNS_6BranchIS6_S6_EE
FN:383,_ZN3s216RBTreeIiiE6RemoveEPNS_6BranchIiiEEi
FNDA:20,_ZN3s216RBTreeIiiE6RemoveEPNS_6BranchIiiEEi
FN:383,_ZN3s216RBTreeINSt7__cxx1112basic_stringIcSt11char_traitsIcESaIcEEES6_E6RemoveEPNS_6BranchIS6_S6_EES6_
FNDA:3,_ZN3s216RBTreeINSt7__cxx1112basic_stringIcSt11char_traitsIcESaIcEEES6_E6RemoveEPNS_6BranchIS6_S6_EES6_
FN:416,_ZN3s216RBTreeIiiE6InsertEPNS_6BranchIiiEEiiS4_
FNDA:0,_ZN3s216RBTreeIiiE6InsertEPNS_6BranchIiiEEiiS4_
FN:416,_ZN3s216RBTreeIiNSt7__cxx1112basic_stringIcSt11char_traitsIcESaIcEEEE6InsertEPNS_6BranchIiS6_EEiS6_SA_
FNDA:115,_ZN3s216RBTreeIiNSt7__cxx1112basic_stringIcSt11char_traitsIcESaIcEEEE6InsertEPNS_6BranchIiS6_EEiS6_SA_
FN:416,_ZN3s216RBTreeIffE6InsertEPNS_6BranchIffEEffS4_
FNDA:5,_ZN3s216RBTreeIffE6InsertEPNS_6BranchIffEEffS4_
FN:416,_ZN3s216RBTreeINSt7__cxx1112basic_stringIcSt11char_traitsIcESaIcEEEiE6InsertEPNS_6BranchIS6_iEES6_iSA_
FNDA:6,_ZN3s216RBTreeINSt7__cxx1112basic_stringIcSt11char_traitsIcESaIcEEEiE6InsertEPNS_6BranchIS6_iEES6_iSA_
FN:416,_ZN3s216RBTreeIciE6InsertEPNS_6BranchIciEEciS4_
FNDA:12,_ZN3s216RBTreeIciE6InsertEPNS_6BranchIciEEciS4_
FN:416,_ZN3s216RBTreeINSt7__cxx1112basic_stringIcSt11char_traitsIcESaIcEEES6_E6InsertEPNS_6BranchIS6_S6_EES6_S6_SA_
FNDA:84,_ZN3s216RBTreeINSt7__cxx1112basic_stringIcSt11char_traitsIcESaIcEEES6_E6InsertEPNS_6BranchIS6_S6_EES6_S6_SA_
DA:19,2
DA:20,2
DA:21,2
DA:22,2
DA:23,2
DA:24,2
DA:25,2
DA:26,2
DA:27,2
DA:29,6
DA:30,6
DA:31,6
DA:32,6
DA:33,6
DA:34,6
DA:35,6
DA:36,6
DA:37,6
DA:38,6
DA:39,6
DA:29,3
DA:30,3
DA:31,3
DA:32,3
DA:33,3
DA:34,3
DA:35,3
DA:36,3
DA:37,3
DA:38,3
DA:39,3
DA:29,3
DA:30,3
DA:31,3
DA:32,3
DA:33,3
DA:34,3
DA:35,3
DA:36,3
DA:37,3
DA:38,3
DA:39,3
DA:29,55
DA:30,55
DA:31,55
DA:32,55
DA:33,55
DA:34,55
DA:35,55
DA:36,55
DA:37,55
DA:38,55
DA:39,55
DA:29,40
DA:30,40
DA:31,40
DA:32,40
DA:33,40
DA:34,40
DA:35,40
DA:36,40
DA:37,40
DA:38,40
DA:39,40
DA:29,0
DA:30,0
DA:31,0
DA:32,0
DA:33,0
DA:34,0
DA:35,0
DA:36,0
DA:37,0
DA:38,0
DA:39,0
DA:41,55
DA:41,3
DA:41,40
DA:52,6
DA:54,6
DA:52,4
DA:54,4
DA:52,4
DA:54,4
DA:52,0
DA:54,0
DA:52,81
DA:54,81
DA:52,47
DA:54,47
DA:60,1
DA:61,1
DA:62,3
DA:63,2
DA:65,1
DA:68,12
DA:69,12
DA:70,12
DA:71,6
DA:72,6
DA:73,0
DA:76,6
DA:77,11
DA:78,5
DA:79,5
DA:81,6
DA:84,12
DA:68,1
DA:69,1
DA:70,1
DA:71,0
DA:72,0
DA:73,0
DA:76,1
DA:77,1
DA:78,0
DA:79,0
DA:81,1
DA:84,1
DA:68,0
DA:69,0
DA:70,0
DA:71,0
DA:72,0
DA:73,0
DA:76,0
DA:77,0
DA:78,0
DA:79,0
DA:81,0
DA:84,0
DA:87,12
DA:88,12
DA:89,12
DA:90,12
DA:87,0
DA:88,0
DA:89,0
DA:90,0
DA:101,7
DA:102,4
DA:103,4
DA:104,4
DA:105,4
DA:107,9
DA:107,2
DA:108,14
DA:108,1
DA:108,0
DA:110,0
DA:111,0
DA:112,0
[...]
FN:39,_ZN3s2117ListConstIteratorINSt7__cxx1112basic_stringIcSt11char_traitsIcESaIcEEEEdeEv
FNDA:42,_ZN3s2117ListConstIteratorINSt7__cxx1112basic_stringIcSt11char_traitsIcESaIcEEEEdeEv
FN:50,_ZN3s2117ListConstIteratorINSt7__cxx1112basic_stringIcSt11char_traitsIcESaIcEEEEppEv
FNDA:91,_ZN3s2117ListConstIteratorINSt7__cxx1112basic_stringIcSt11char_traitsIcESaIcEEEEppEv
FN:50,_ZN3s2117ListConstIteratorIdEppEv
FNDA:107,_ZN3s2117ListConstIteratorIdEppEv
FN:50,_ZN3s2117ListConstIteratorIiEppEv
FNDA:281,_ZN3s2117ListConstIteratorIiEppEv
FN:56,_ZN3s2117ListConstIteratorIiEmmEv
FNDA:63,_ZN3s2117ListConstIteratorIiEmmEv
FN:56,_ZN3s2117ListConstIteratorIdEmmEv
FNDA:13,_ZN3s2117ListConstIteratorIdEmmEv
FN:56,_ZN3s2117ListConstIteratorINSt7__cxx1112basic_stringIcSt11char_traitsIcESaIcEEEEmmEv
FNDA:11,_ZN3s2117ListConstIteratorINSt7__cxx1112basic_stringIcSt11char_traitsIcESaIcEEEEmmEv
FN:62,_ZN3s2117ListConstIteratorIdEppEi
FNDA:5,_ZN3s2117ListConstIteratorIdEppEi
FN:62,_ZN3s2117ListConstIteratorINSt7__cxx1112basic_stringIcSt11char_traitsIcESaIcEEEEppEi
FNDA:5,_ZN3s2117ListConstIteratorINSt7__cxx1112basic_stringIcSt11char_traitsIcESaIcEEEEppEi
FN:62,_ZN3s2117ListConstIteratorIiEppEi
FNDA:49,_ZN3s2117ListConstIteratorIiEppEi
FN:69,_ZN3s2117ListConstIteratorIiEmmEi
FNDA:12,_ZN3s2117ListConstIteratorIiEmmEi
FN:76,_ZN3s2117ListConstIteratorIiE7GetNodeEv
FNDA:336,_ZN3s2117ListConstIteratorIiE7GetNodeEv
FN:76,_ZN3s2117ListConstIteratorIdE7GetNodeEv
FNDA:94,_ZN3s2117ListConstIteratorIdE7GetNodeEv
FN:76,_ZN3s2117ListConstIteratorINSt7__cxx1112basic_stringIcSt11char_traitsIcESaIcEEEE7GetNodeEv
FNDA:84,_ZN3s2117ListConstIteratorINSt7__cxx1112basic_stringIcSt11char_traitsIcESaIcEEEE7GetNodeEv
FN:81,_ZN3s2112ListIteratorIiEC2Ev
FNDA:9,_ZN3s2112ListIteratorIiEC2Ev
FN:84,_ZN3s2112ListIteratorIiEC2EPNS_6Node_tIiEE
FNDA:545,_ZN3s2112ListIteratorIiEC2EPNS_6Node_tIiEE
FN:84,_ZN3s2112ListIteratorIdEC2EPNS_6Node_tIdEE
FNDA:190,_ZN3s2112ListIteratorIdEC2EPNS_6Node_tIdEE
FN:84,_ZN3s2112ListIteratorINSt7__cxx1112basic_stringIcSt11char_traitsIcESaIcEEEEC2EPNS_6Node_tIS6_EE
FNDA:165,_ZN3s2112ListIteratorINSt7__cxx1112basic_stringIcSt11char_traitsIcESaIcEEEEC2EPNS_6Node_tIS6_EE
FN:88,_ZN3s2112ListIteratorINSt7__cxx1112basic_stringIcSt11char_traitsIcESaIcEEEEC2ERS7_
FNDA:38,_ZN3s2112ListIteratorINSt7__cxx1112basic_stringIcSt11char_traitsIcESaIcEEEEC2ERS7_
FN:88,_ZN3s2112ListIteratorIdEC2ERS1_
FNDA:42,_ZN3s2112ListIteratorIdEC2ERS1_
FN:88,_ZN3s2112ListIteratorIiEC2ERS1_
FNDA:116,_ZN3s2112ListIteratorIiEC2ERS1_
FN:92,_ZN3s2112ListIteratorIiEC2ERNS_17ListConstIteratorIiEE
FNDA:4,_ZN3s2112ListIteratorIiEC2ERNS_17ListConstIteratorIiEE
FN:97,_ZN3s2112ListIteratorINSt7__cxx1112basic_stringIcSt11char_traitsIcESaIcEEEEaSERKS7_
FNDA:46,_ZN3s2112ListIteratorINSt7__cxx1112basic_stringIcSt11char_traitsIcESaIcEEEEaSERKS7_
FN:97,_ZN3s2112ListIteratorIdEaSERKS1_
FNDA:54,_ZN3s2112ListIteratorIdEaSERKS1_
FN:97,_ZN3s2112ListIteratorIiEaSERKS1_
FNDA:165,_ZN3s2112ListIteratorIiEaSERKS1_
FN:105,_ZN3s2112ListIteratorIdEdeEv
FNDA:74,_ZN3s2112ListIteratorIdEdeEv
FN:105,_ZN3s2112ListIteratorINSt7__cxx1112basic_stringIcSt11char_traitsIcESaIcEEEEdeEv
FNDA:69,_ZN3s2112ListIteratorINSt7__cxx1112basic_stringIcSt11char_traitsIcESaIcEEEEdeEv
FN:105,_ZN3s2112ListIteratorIiEdeEv
FNDA:266,_ZN3s2112ListIteratorIiEdeEv
DA:6,13
DA:7,13
DA:8,13
DA:11,219
DA:12,219
DA:13,219
DA:11,257
DA:12,257
DA:13,257
DA:11,665
DA:12,665
DA:13,665
DA:16,60
DA:17,60
DA:18,60
DA:16,67
DA:17,67
DA:18,67
DA:16,216
DA:17,216
DA:18,216
DA:21,106
DA:23,106
DA:24,106
DA:21,121
DA:23,121
DA:24,121
DA:21,381
DA:23,381
DA:24,381
DA:28,17
DA:29,17
DA:28,21
DA:29,21
DA:28,79
DA:29,79
DA:33,118
DA:34,118
DA:33,137
DA:34,137
DA:33,349
DA:34,349
DA:39,42
DA:40,42
DA:39,54
DA:40,54
DA:39,96
DA:40,96
DA:50,91
DA:51,91
DA:52,91
DA:50,107
DA:51,107
DA:52,107
DA:50,281
DA:51,281
DA:52,281
DA:56,11
DA:57,11
DA:58,11
DA:56,13
DA:57,13
DA:58,13
DA:56,63
DA:57,63
DA:58,63
DA:62,5
DA:63,5
DA:64,5
DA:65,5
DA:62,5
DA:63,5
DA:64,5
DA:65,5
DA:62,49
DA:63,49
DA:64,49
DA:65,49
DA:69,12
DA:70,12
DA:71,12
DA:72,12
DA:76,84
DA:77,84
DA:76,94
DA:77,94
DA:76,336
DA:77,336
DA:81,9
DA:84,165
DA:85,165
DA:84,190
DA:85,190
DA:84,545
DA:85,545
DA:88,38
DA:89,38
DA:88,42
DA:89,42
DA:88,116
DA:89,116
DA:92,4
DA:93,4
DA:94,4
DA:97,46
DA:98,46
DA:99,46
DA:101,46
DA:97,54
DA:98,54
DA:99,54
DA:101,54
DA:97,165
DA:98,165
DA:99,165
DA:101,165
DA:105,69
DA:106,69
DA:105,74
DA:106,74
DA:105,266
DA:106,266
end_of_record
SF:/home/shinda/projects/CPP2_s21_containers-3/src/s21_containers/vector/s21_vector.h
FN:10,_ZN3s216VectorIiE8IteratorC2EPi
FNDA:60,_ZN3s216VectorIiE8IteratorC2EPi
FN:10,_ZN3s216VectorIdE8IteratorC2EPd
FNDA:5,_ZN3s216VectorIdE8IteratorC2EPd
FN:10,_ZN3s216VectorINSt7__cxx1112basic_stringIcSt11char_traitsIcESaIcEEEE8IteratorC2EPS6_
FNDA:5,_ZN3s216VectorINSt7__cxx1112basic_stringIcSt11char_traitsIcESaIcEEEE8IteratorC2EPS6_
FN:11,_ZN3s216VectorIiE8IteratorC2ERKS2_
FNDA:201,_ZN3s216VectorIiE8IteratorC2ERKS2_
FN:11,_ZN3s216VectorIdE8IteratorC2ERKS2_
FNDA:16,_ZN3s216VectorIdE8IteratorC2ERKS2_
FN:11,_ZN3s216VectorINSt7__cxx1112basic_stringIcSt11char_traitsIcESaIcEEEE8IteratorC2ERKS8_
FNDA:16,_ZN3s216VectorINSt7__cxx1112basic_stringIcSt11char_traitsIcESaIcEEEE8IteratorC2ERKS8_
FN:19,_ZN3s216VectorIiE8IteratoraSEOS2_
FNDA:5,_ZN3s216VectorIiE8IteratoraSEOS2_
FN:26,_ZN3s216VectorIiE8IteratorD2Ev
FNDA:261,_ZN3s216VectorIiE8IteratorD2Ev
FN:26,_ZN3s216VectorIdE8IteratorD2Ev
FNDA:21,_ZN3s216VectorIdE8IteratorD2Ev
FN:26,_ZN3s216VectorINSt7__cxx1112basic_stringIcSt11char_traitsIcESaIcEEEE8IteratorD2Ev
FNDA:21,_ZN3s216VectorINSt7__cxx1112basic_stringIcSt11char_traitsIcESaIcEEEE8IteratorD2Ev
FN:27,_ZN3s216VectorINSt7__cxx1112basic_stringIcSt11char_traitsIcESaIcEEEE8IteratormiEm
FNDA:3,_ZN3s216VectorINSt7__cxx1112basic_stringIcSt11char_traitsIcESaIcEEEE8IteratormiEm
FN:27,_ZN3s216VectorIdE8IteratormiEm
FNDA:3,_ZN3s216VectorIdE8IteratormiEm
FN:27,_ZN3s216VectorIiE8IteratormiEm
FNDA:51,_ZN3s216VectorIiE8IteratormiEm
FN:34,_ZN3s216VectorIiE8IteratormiERKS2_
FNDA:5,_ZN3s216VectorIiE8IteratormiERKS2_
FN:35,_ZN3s216VectorIiE8IteratorplEm
FNDA:19,_ZN3s216VectorIiE8IteratorplEm
FN:35,_ZN3s216VectorIdE8IteratorplEm
FNDA:3,_ZN3s216VectorIdE8IteratorplEm
FN:35,_ZN3s216VectorINSt7__cxx1112basic_stringIcSt11char_traitsIcESaIcEEEE8IteratorplEm
FNDA:3,_ZN3s216VectorINSt7__cxx1112basic_stringIcSt11char_traitsIcESaIcEEEE8IteratorplEm
FN:42,_ZN3s216VectorIiE8IteratormIEm
FNDA:1,_ZN3s216VectorIiE8IteratormIEm
FN:46,_ZN3s216VectorIiE8IteratorpLEm
FNDA:1,_ZN3s216VectorIiE8IteratorpLEm
FN:50,_ZN3s216VectorIiE8IteratormmEi
FNDA:53,_ZN3s216VectorIiE8IteratormmEi
FN:50,_ZN3s216VectorINSt7__cxx1112basic_stringIcSt11char_traitsIcESaIcEEEE8IteratormmEi
FNDA:3,_ZN3s216VectorINSt7__cxx1112basic_stringIcSt11char_traitsIcESaIcEEEE8IteratormmEi
FN:50,_ZN3s216VectorIdE8IteratormmEi
FNDA:3,_ZN3s216VectorIdE8IteratormmEi
FN:56,_ZN3s216VectorIiE8IteratormmEv
FNDA:21,_ZN3s216VectorIiE8IteratormmEv
FN:61,_ZN3s216VectorINSt7__cxx1112basic_stringIcSt11char_traitsIcESaIcEEEE8IteratorppEi
FNDA:4,_ZN3s216VectorINSt7__cxx1112basic_stringIcSt11char_traitsIcESaIcEEEE8IteratorppEi
FN:61,_ZN3s216VectorIdE8IteratorppEi
FNDA:4,_ZN3s216VectorIdE8IteratorppEi
FN:61,_ZN3s216VectorIiE8IteratorppEi
FNDA:38,_ZN3s216VectorIiE8IteratorppEi
FN:67,_ZN3s216VectorIdE8IteratorppEv
FNDA:2,_ZN3s216VectorIdE8IteratorppEv
FN:67,_ZN3s216VectorINSt7__cxx1112basic_stringIcSt11char_traitsIcESaIcEEEE8IteratorppEv
FNDA:2,_ZN3s216VectorINSt7__cxx1112basic_stringIcSt11char_traitsIcESaIcEEEE8IteratorppEv
FN:67,_ZN3s216VectorIiE8IteratorppEv
FNDA:12,_ZN3s216VectorIiE8IteratorppEv
FN:72,_ZN3s216VectorIdE8IteratordeEv
FNDA:4,_ZN3s216VectorIdE8IteratordeEv
FN:72,_ZN3s216VectorIiE8IteratordeEv
FNDA:62,_ZN3s216VectorIiE8IteratordeEv
FN:72,_ZN3s216VectorINSt7__cxx1112basic_stringIcSt11char_traitsIcESaIcEEEE8IteratordeEv
FNDA:4,_ZN3s216VectorINSt7__cxx1112basic_stringIcSt11char_traitsIcESaIcEEEE8IteratordeEv
FN:73,_ZNK3s216VectorIiE8IteratoreqERKS2_
FNDA:60,_ZNK3s216VectorIiE8IteratoreqERKS2_
FN:73,_ZNK3s216VectorINSt7__cxx1112basic_stringIcSt11char_traitsIcESaIcEEEE8IteratoreqERKS8_
FNDA:3,_ZNK3s216VectorINSt7__cxx1112basic_stringIcSt11char_traitsIcESaIcEEEE8IteratoreqERKS8_
FN:73,_ZNK3s216VectorIdE8IteratoreqERKS2_
FNDA:3,_ZNK3s216VectorIdE8IteratoreqERKS2_
FN:74,_ZNK3s216VectorIdE8IteratorneERKS2_
FNDA:3,_ZNK3s216VectorIdE8IteratorneERKS2_
FN:74,_ZNK3s216VectorIiE8IteratorneERKS2_
FNDA:40,_ZNK3s216VectorIiE8IteratorneERKS2_
FN:74,_ZNK3s216VectorINSt7__cxx1112basic_stringIcSt11char_traitsIcESaIcEEEE8IteratorneERKS8_
FNDA:3,_ZNK3s216VectorINSt7__cxx1112basic_stringIcSt11char_traitsIcESaIcEEEE8IteratorneERKS8_
FN:75,_ZNK3s216VectorIiE8IteratorgtERKS2_
FNDA:6,_ZNK3s216VectorIiE8IteratorgtERKS2_
FN:78,_ZNK3s216VectorIiE8IteratorgeERKS2_
FNDA:6,_ZNK3s216VectorIiE8IteratorgeERKS2_
FN:78,_ZNK3s216VectorIdE8IteratorgeERKS2_
FNDA:1,_ZNK3s216VectorIdE8IteratorgeERKS2_
FN:78,_ZNK3s216VectorINSt7__cxx1112basic_stringIcSt11char_traitsIcESaIcEEEE8IteratorgeERKS8_
FNDA:1,_ZNK3s216VectorINSt7__cxx1112basic_stringIcSt11char_traitsIcESaIcEEEE8IteratorgeERKS8_
FN:82,_ZN3s216VectorIiE8Iterator10ErrorCheckEPi
FNDA:124,_ZN3s216VectorIiE8Iterator10ErrorCheckEPi
FN:82,_ZN3s216VectorINSt7__cxx1112basic_stringIcSt11char_traitsIcESaIcEEEE8Iterator10ErrorCheckEPS6_
FNDA:9,_ZN3s216VectorINSt7__cxx1112basic_stringIcSt11char_traitsIcESaIcEEEE8Iterator10ErrorCheckEPS6_
FN:82,_ZN3s216VectorIdE8Iterator10ErrorCheckEPd
FNDA:9,_ZN3s216VectorIdE8Iterator10ErrorCheckEPd
FN:89,_ZN3s216VectorIiE13ConstIteratorC2EPKi
FNDA:2,_ZN3s216VectorIiE13ConstIteratorC2EPKi
FN:90,_ZN3s216VectorIiE13ConstIteratorC2ERKS2_
FNDA:3,_ZN3s216VectorIiE13ConstIteratorC2ERKS2_
FN:107,_ZN3s216VectorIiE13ConstIteratorD2Ev
FNDA:5,_ZN3s216VectorIiE13ConstIteratorD2Ev
FN:115,_ZN3s216VectorIiE13ConstIteratormiERKS2_
FNDA:1,_ZN3s216VectorIiE13ConstIteratormiERKS2_
FN:116,_ZN3s216VectorIiE13ConstIteratorplEm
FNDA:1,_ZN3s216VectorIiE13ConstIteratorplEm
FN:142,_ZN3s216VectorIiE13ConstIteratorppEi
FNDA:2,_ZN3s216VectorIiE13ConstIteratorppEi
FN:175,_ZN3s216VectorIiE13ConstIterator10ErrorCheckEPKi
FNDA:2,_ZN3s216VectorIiE13ConstIterator10ErrorCheckEPKi
DA:10,5
DA:10,5
DA:10,60
DA:11,16
DA:11,16
DA:11,201
DA:19,5
DA:20,5
DA:21,5
DA:22,5
DA:24,5
DA:26,21
DA:26,21
DA:26,261
DA:27,3
DA:28,3
DA:29,6
DA:30,3
DA:32,3
DA:33,0
DA:27,3
DA:28,3
DA:29,6
DA:30,3
DA:32,3
DA:33,0
DA:27,51
DA:28,51
DA:29,103
DA:30,52
DA:32,51
DA:33,0
DA:34,5
DA:35,3
DA:36,3
DA:37,7
DA:38,4
DA:40,3
DA:41,0
DA:35,3
DA:36,3
DA:37,7
DA:38,4
DA:40,3
DA:41,0
DA:35,19
DA:36,19
DA:37,53
DA:38,34
DA:40,19
DA:41,0
DA:42,1
DA:43,1
DA:44,1
DA:46,1
DA:47,1
DA:48,1
DA:50,3
DA:51,3
DA:52,3
DA:53,3
DA:54,3
DA:50,3
DA:51,3
DA:52,3
DA:53,3
DA:54,3
DA:50,53
DA:51,53
DA:52,53
DA:53,53
DA:54,53
DA:56,21
DA:57,21
DA:58,21
DA:59,21
DA:61,4
DA:62,4
DA:63,4
DA:64,4
DA:65,4
DA:61,4
DA:62,4
DA:63,4
DA:64,4
DA:65,4
DA:61,38
DA:62,38
DA:63,38
DA:64,38
DA:65,38
DA:67,2
DA:68,2
DA:69,2
DA:70,2
DA:67,2
DA:68,2
DA:69,2
DA:70,2
DA:67,12
DA:68,12
DA:69,12
DA:70,12
DA:72,4
DA:72,4
DA:72,62
DA:73,3
DA:73,3
DA:73,60
DA:74,3
DA:74,3
DA:74,40
DA:75,6
DA:78,1
DA:78,1
DA:78,6
DA:82,9
DA:83,9
DA:84,9
DA:82,9
DA:83,9
DA:84,9
DA:82,124
DA:83,124
DA:84,124
DA:89,2
DA:90,3
DA:107,5
DA:115,1
DA:116,1
DA:117,1
DA:118,3
DA:119,2
DA:121,1
DA:122,0
DA:142,2
DA:143,2
DA:144,2
DA:145,2
DA:146,2
DA:175,2
DA:176,2
DA:177,2
end_of_record
SF:/home/shinda/projects/CPP2_s21_containers-3/src/s21_containers/queue/s21_queue.tpp
FN:6,_ZN3s215queueIiEC2Ev
FNDA:78,_ZN3s215queueIiEC2Ev
FN:6,_ZN3s215queueINSt7__cxx1112basic_stringIcSt11char_traitsIcESaIcEEEEC2Ev
FNDA:1,_ZN3s215queueINSt7__cxx1112basic_stringIcSt11char_traitsIcESaIcEEEEC2Ev
FN:6,_ZN3s215queueIdEC2Ev
FNDA:1,_ZN3s215queueIdEC2Ev
FN:9,_ZN3s215queueIiEC2ERKSt16initializer_listIiE
FNDA:26,_ZN3s215queueIiEC2ERKSt16initializer_listIiE
FN:9,_ZN3s215queueIdEC2ERKSt16initializer_listIdE
FNDA:1,_ZN3s215queueIdEC2ERKSt16initializer_listIdE
FN:9,_ZN3s215queueINSt7__cxx1112basic_stringIcSt11char_traitsIcESaIcEEEEC2ERKSt16initializer_listIS6_E
FNDA:1,_ZN3s215queueINSt7__cxx1112basic_stringIcSt11char_traitsIcESaIcEEEEC2ERKSt16initializer_listIS6_E
FN:16,_ZN3s215queueIiEC2ERKS1_
FNDA:9,_ZN3s215queueIiEC2ERKS1_
FN:21,_ZN3s215queueIiEC2EOS1_
FNDA:3,_ZN3s215queueIiEC2EOS1_
FN:26,_ZN3s215queueIiED2Ev
FNDA:78,_ZN3s215queueIiED2Ev
FN:26,_ZN3s215queueIdED2Ev
FNDA:1,_ZN3s215queueIdED2Ev
FN:26,_ZN3s215queueINSt7__cxx1112basic_stringIcSt11char_traitsIcESaIcEEEED2Ev
FNDA:1,_ZN3s215queueINSt7__cxx1112basic_stringIcSt11char_traitsIcESaIcEEEED2Ev
FN:31,_ZN3s215queueIiEaSEOS1_
FNDA:3,_ZN3s215queueIiEaSEOS1_
FN:38,_ZN3s215queueIiEaSERKS1_
FNDA:13,_ZN3s215queueIiEaSERKS1_
FN:49,_ZNK3s215queueINSt7__cxx1112basic_stringIcSt11char_traitsIcESaIcEEEE5emptyEv
FNDA:12,_ZNK3s215queueINSt7__cxx1112basic_stringIcSt11char_traitsIcESaIcEEEE5emptyEv
FN:49,_ZNK3s215queueIiE5emptyEv
FNDA:917,_ZNK3s215queueIiE5emptyEv
FN:49,_ZNK3s215queueIdE5emptyEv
FNDA:12,_ZNK3s215queueIdE5emptyEv
FN:54,_ZNK3s215queueIiE5frontEv
FNDA:108,_ZNK3s215queueIiE5frontEv
FN:54,_ZNK3s215queueINSt7__cxx1112basic_stringIcSt11char_traitsIcESaIcEEEE5frontEv
FNDA:1,_ZNK3s215queueINSt7__cxx1112basic_stringIcSt11char_traitsIcESaIcEEEE5frontEv
FN:54,_ZNK3s215queueIdE5frontEv
FNDA:1,_ZNK3s215queueIdE5frontEv
FN:62,_ZNK3s215queueIdE4backEv
FNDA:1,_ZNK3s215queueIdE4backEv
FN:62,_ZNK3s215queueINSt7__cxx1112basic_stringIcSt11char_traitsIcESaIcEEEE4backEv
FNDA:1,_ZNK3s215queueINSt7__cxx1112basic_stringIcSt11char_traitsIcESaIcEEEE4backEv
FN:62,_ZNK3s215queueIiE4backEv
FNDA:28,_ZNK3s215queueIiE4backEv
FN:70,_ZN3s215queueINSt7__cxx1112basic_stringIcSt11char_traitsIcESaIcEEEE5frontEv
FNDA:1,_ZN3s215queueINSt7__cxx1112basic_stringIcSt11char_traitsIcESaIcEEEE5frontEv
FN:70,_ZN3s215queueIdE5frontEv
FNDA:1,_ZN3s215queueIdE5frontEv
FN:70,_ZN3s215queueIiE5frontEv
FNDA:107,_ZN3s215queueIiE5frontEv
FN:75,_ZN3s215queueIdE4backEv
FNDA:1,_ZN3s215queueIdE4backEv
FN:75,_ZN3s215queueIiE4backEv
FNDA:27,_ZN3s215queueIiE4backEv
FN:75,_ZN3s215queueINSt7__cxx1112basic_stringIcSt11char_traitsIcESaIcEEEE4backEv
FNDA:1,_ZN3s215queueINSt7__cxx1112basic_stringIcSt11char_traitsIcESaIcEEEE4backEv
FN:80,_ZNK3s215queueIiE4sizeEv
FNDA:66,_ZNK3s215queueIiE4sizeEv
FN:85,_ZN3s215queueIdE4pushERKd
FNDA:3,_ZN3s215queueIdE4pushERKd
FN:85,_ZN3s215queueINSt7__cxx1112basic_stringIcSt11char_traitsIcESaIcEEEE4pushERKS6_
FNDA:3,_ZN3s215queueINSt7__cxx1112basic_stringIcSt11char_traitsIcESaIcEEEE4pushERKS6_
FN:85,_ZN3s215queueIiE4pushERKi
FNDA:230,_ZN3s215queueIiE4pushERKi
FN:97,_ZN3s215queueINSt7__cxx1112basic_stringIcSt11char_traitsIcESaIcEEEE3popEv
FNDA:3,_ZN3s215queueINSt7__cxx1112basic_stringIcSt11char_traitsIcESaIcEEEE3popEv
FN:97,_ZN3s215queueIdE3popEv
FNDA:3,_ZN3s215queueIdE3popEv
FN:97,_ZN3s215queueIiE3popEv
FNDA:231,_ZN3s215queueIiE3popEv
FN:112,_ZN3s215queueINSt7__cxx1112basic_stringIcSt11char_traitsIcESaIcEEEE5clearEv
FNDA:1,_ZN3s215queueINSt7__cxx1112basic_stringIcSt11char_traitsIcESaIcEEEE5clearEv
FN:112,_ZN3s215queueIdE5clearEv
FNDA:1,_ZN3s215queueIdE5clearEv
FN:112,_ZN3s215queueIiE5clearEv
FNDA:94,_ZN3s215queueIiE5clearEv
FN:119,_ZN3s215queueIiE4swapERS1_
FNDA:11,_ZN3s215queueIiE4swapERS1_
FN:129,_ZN3s215queueIiE16insert_many_backIJiiiEEEvDpOT_
FNDA:1,_ZN3s215queueIiE16insert_many_backIJiiiEEEvDpOT_
DA:6,1
DA:6,1
DA:6,78
DA:9,1
DA:10,4
DA:11,3
DA:13,1
DA:9,1
DA:10,4
DA:11,3
DA:13,1
DA:9,26
DA:10,141
DA:11,115
DA:13,26
DA:16,9
DA:17,9
DA:18,9
DA:21,3
DA:22,3
DA:23,3
DA:26,1
DA:27,1
DA:28,1
DA:26,1
DA:27,1
DA:28,1
DA:26,78
DA:27,78
DA:28,78
DA:31,3
DA:32,3
DA:33,3
DA:34,3
DA:38,13
DA:39,13
DA:40,13
DA:41,63
DA:42,50
DA:45,13
DA:49,12
DA:50,12
DA:49,12
DA:50,12
DA:49,917
DA:50,917
DA:54,1
DA:55,1
DA:56,0
DA:58,1
DA:54,1
DA:55,1
DA:56,0
DA:58,1
DA:54,108
DA:55,108
DA:56,3
DA:58,105
DA:62,1
DA:63,1
DA:64,0
DA:66,1
DA:62,1
DA:63,1
DA:64,0
DA:66,1
DA:62,28
DA:63,28
DA:64,3
DA:66,25
DA:70,1
DA:71,1
DA:70,1
DA:71,1
DA:70,107
DA:71,107
DA:75,1
DA:76,1
DA:75,1
DA:76,1
DA:75,27
DA:76,27
DA:80,66
DA:81,66
DA:85,3
DA:86,3
DA:87,3
DA:88,1
DA:90,2
DA:92,3
DA:93,3
DA:94,3
DA:85,3
DA:86,3
DA:87,3
DA:88,1
DA:90,2
DA:92,3
DA:93,3
DA:94,3
DA:85,230
DA:86,230
DA:87,230
DA:88,56
DA:90,174
DA:92,230
DA:93,230
DA:94,230
DA:97,3
DA:98,3
DA:99,0
DA:101,3
DA:102,3
DA:103,1
DA:105,3
DA:106,3
DA:108,3
DA:109,3
DA:97,3
DA:98,3
DA:99,0
DA:101,3
DA:102,3
DA:103,1
DA:105,3
DA:106,3
DA:108,3
DA:109,3
DA:97,231
DA:98,231
DA:99,1
DA:101,230
DA:102,230
DA:103,56
DA:105,230
DA:106,230
DA:108,230
DA:109,230
DA:112,1
DA:113,4
DA:114,3
DA:116,1
DA:112,1
DA:113,4
DA:114,3
DA:116,1
DA:112,94
DA:113,231
DA:114,137
DA:116,94
DA:119,11
DA:120,11
DA:121,11
DA:122,11
DA:123,11
DA:125,11
DA:129,1
DA:130,4
DA:131,3
DA:133,1
end_of_record
SF:/home/shinda/projects/CPP2_s21_containers-3/src/s21_containers/s21_stack.h
FN:14,_ZN3s215stackIiEC2Ev
FNDA:6,_ZN3s215stackIiEC2Ev
FN:16,_ZN3s215stackIiEC2ERKS1_
FNDA:1,_ZN3s215stackIiEC2ERKS1_
FN:18,_ZN3s215stackIiEC2EOS1_
FNDA:1,_ZN3s215stackIiEC2EOS1_
FN:20,_ZN3s215stackIiED2Ev
FNDA:21,_ZN3s215stackIiED2Ev
FN:20,_ZN3s215stackIdED2Ev
FNDA:1,_ZN3s215stackIdED2Ev
FN:20,_ZN3s215stackINSt7__cxx1112basic_stringIcSt11char_traitsIcESaIcEEEED2Ev
FNDA:1,_ZN3s215stackINSt7__cxx1112basic_stringIcSt11char_traitsIcESaIcEEEED2Ev
FN:22,_ZN3s215stackIiEaSERKS1_
FNDA:1,_ZN3s215stackIiEaSERKS1_
FN:30,_ZNK3s215stackIdE3topEv
FNDA:1,_ZNK3s215stackIdE3topEv
FN:30,_ZNK3s215stackIiE3topEv
FNDA:15,_ZNK3s215stackIiE3topEv
FN:30,_ZNK3s215stackINSt7__cxx1112basic_stringIcSt11char_traitsIcESaIcEEEE3topEv
FNDA:1,_ZNK3s215stackINSt7__cxx1112basic_stringIcSt11char_traitsIcESaIcEEEE3topEv
FN:36,_ZN3s215stackIiEC2ESt16initializer_listIiE
FNDA:4,_ZN3s215stackIiEC2ESt16initializer_listIiE
FN:42,_ZNK3s215stackINSt7__cxx1112basic_stringIcSt11char_traitsIcESaIcEEEE5emptyEv
FNDA:8,_ZNK3s215stackINSt7__cxx1112basic_stringIcSt11char_traitsIcESaIcEEEE5emptyEv
FN:42,_ZNK3s215stackIiE5emptyEv
FNDA:135,_ZNK3s215stackIiE5emptyEv
FN:42,_ZNK3s215stackIdE5emptyEv
FNDA:8,_ZNK3s215stackIdE5emptyEv
FN:44,_ZNK3s215stackIiE4sizeEv
FNDA:2,_ZNK3s215stackIiE4sizeEv
FN:46,_ZN3s215stackINSt7__cxx1112basic_stringIcSt11char_traitsIcESaIcEEEE4pushERKS6_
FNDA:3,_ZN3s215stackINSt7__cxx1112basic_stringIcSt11char_traitsIcESaIcEEEE4pushERKS6_
FN:46,_ZN3s215stackIdE4pushERKd
FNDA:3,_ZN3s215stackIdE4pushERKd
FN:46,_ZN3s215stackIiE4pushERKi
FNDA:45,_ZN3s215stackIiE4pushERKi
FN:53,_ZN3s215stackIdE3popEv
FNDA:3,_ZN3s215stackIdE3popEv
FN:53,_ZN3s215stackIiE3popEv
FNDA:45,_ZN3s215stackIiE3popEv
FN:53,_ZN3s215stackINSt7__cxx1112basic_stringIcSt11char_traitsIcESaIcEEEE3popEv
FNDA:3,_ZN3s215stackINSt7__cxx1112basic_stringIcSt11char_traitsIcESaIcEEEE3popEv
FN:63,_ZN3s215stackIiE4swapERS1_
FNDA:2,_ZN3s215stackIiE4swapERS1_
FN:74,_ZN3s215stackIdE5clearEv
FNDA:1,_ZN3s215stackIdE5clearEv
FN:74,_ZN3s215stackINSt7__cxx1112basic_stringIcSt11char_traitsIcESaIcEEEE5clearEv
FNDA:1,_ZN3s215stackINSt7__cxx1112basic_stringIcSt11char_traitsIcESaIcEEEE5clearEv
FN:74,_ZN3s215stackIiE5clearEv
FNDA:24,_ZN3s215stackIiE5clearEv
FN:80,_ZN3s215stackIiE4copyERKS1_
FNDA:2,_ZN3s215stackIiE4copyERKS1_
FN:94,_ZN3s215stackIiE17insert_many_frontIJiiiEEEvDpOT_
FNDA:1,_ZN3s215stackIiE17insert_many_frontIJiiiEEEvDpOT_
DA:14,6
DA:16,1
DA:18,1
DA:20,1
DA:20,1
DA:20,21
DA:22,1
DA:23,1
DA:24,1
DA:25,1
DA:27,1
DA:30,1
DA:31,1
DA:32,0
DA:34,1
DA:30,1
DA:31,1
DA:32,0
DA:34,1
DA:30,15
DA:31,15
DA:32,0
DA:34,15
DA:36,4
DA:37,16
DA:38,12
DA:40,4
DA:42,8
DA:42,8
DA:42,135
DA:44,2
DA:46,3
DA:47,3
DA:48,3
DA:49,3
DA:50,3
DA:51,3
DA:46,3
DA:47,3
DA:48,3
DA:49,3
DA:50,3
DA:51,3
DA:46,45
DA:47,45
DA:48,45
DA:49,45
DA:50,45
DA:51,45
DA:53,3
DA:54,3
DA:55,0
DA:57,3
DA:58,3
DA:59,3
DA:60,3
DA:61,3
DA:53,3
DA:54,3
DA:55,0
DA:57,3
DA:58,3
DA:59,3
DA:60,3
DA:61,3
DA:53,45
DA:54,45
DA:55,0
DA:57,45
DA:58,45
DA:59,45
DA:60,45
DA:61,45
DA:63,2
DA:65,2
DA:66,2
DA:67,2
DA:74,1
DA:75,4
DA:76,3
DA:78,1
DA:74,1
DA:75,4
DA:76,3
DA:78,1
DA:74,24
DA:75,60
DA:76,36
DA:78,24
DA:80,2
DA:81,2
DA:82,2
DA:83,2
DA:84,8
DA:85,6
DA:86,6
DA:88,8
DA:89,6
DA:90,6
DA:92,2
DA:94,1
DA:95,1
DA:97,1
DA:99,5
DA:100,3
DA:102,1
end_of_record
